{"/home/katyuhalearn/practicum/dev/stellar-burgers/src/services/rootReducer.ts": {"path":"/home/katyuhalearn/practicum/dev/stellar-burgers/src/services/rootReducer.ts","all":false,"statementMap":{"0":{"start":{"line":1,"column":0},"end":{"line":1,"column":49}},"1":{"start":{"line":2,"column":0},"end":{"line":2,"column":55}},"2":{"start":{"line":3,"column":0},"end":{"line":3,"column":61}},"3":{"start":{"line":4,"column":0},"end":{"line":4,"column":41}},"4":{"start":{"line":5,"column":0},"end":{"line":5,"column":43}},"5":{"start":{"line":6,"column":0},"end":{"line":6,"column":43}},"6":{"start":{"line":7,"column":0},"end":{"line":7,"column":0}},"7":{"start":{"line":8,"column":0},"end":{"line":8,"column":57}},"8":{"start":{"line":9,"column":0},"end":{"line":9,"column":50}},"9":{"start":{"line":10,"column":0},"end":{"line":10,"column":37}},"10":{"start":{"line":11,"column":0},"end":{"line":11,"column":19}},"11":{"start":{"line":12,"column":0},"end":{"line":12,"column":25}},"12":{"start":{"line":13,"column":0},"end":{"line":13,"column":12}},"13":{"start":{"line":14,"column":0},"end":{"line":14,"column":13}},"14":{"start":{"line":15,"column":0},"end":{"line":15,"column":12}},"15":{"start":{"line":16,"column":0},"end":{"line":16,"column":2}}},"s":{"0":1,"1":1,"2":1,"3":1,"4":1,"5":1,"6":1,"7":1,"8":1,"9":1,"10":1,"11":1,"12":1,"13":1,"14":1,"15":1},"branchMap":{},"b":{},"fnMap":{},"f":{}}
,"/home/katyuhalearn/practicum/dev/stellar-burgers/src/services/constructor/constructor.mock.ts": {"path":"/home/katyuhalearn/practicum/dev/stellar-burgers/src/services/constructor/constructor.mock.ts","all":false,"statementMap":{"0":{"start":{"line":1,"column":0},"end":{"line":1,"column":44}},"1":{"start":{"line":2,"column":0},"end":{"line":2,"column":0}},"2":{"start":{"line":3,"column":0},"end":{"line":3,"column":48}},"3":{"start":{"line":4,"column":0},"end":{"line":4,"column":39}},"4":{"start":{"line":5,"column":0},"end":{"line":5,"column":2}},"5":{"start":{"line":6,"column":0},"end":{"line":6,"column":0}},"6":{"start":{"line":7,"column":0},"end":{"line":7,"column":48}},"7":{"start":{"line":8,"column":0},"end":{"line":8,"column":10}},"8":{"start":{"line":9,"column":0},"end":{"line":9,"column":10}},"9":{"start":{"line":10,"column":0},"end":{"line":10,"column":38}},"10":{"start":{"line":11,"column":0},"end":{"line":11,"column":37}},"11":{"start":{"line":12,"column":0},"end":{"line":12,"column":18}},"12":{"start":{"line":13,"column":0},"end":{"line":13,"column":19}},"13":{"start":{"line":14,"column":0},"end":{"line":14,"column":14}},"14":{"start":{"line":15,"column":0},"end":{"line":15,"column":24}},"15":{"start":{"line":16,"column":0},"end":{"line":16,"column":20}},"16":{"start":{"line":17,"column":0},"end":{"line":17,"column":18}},"17":{"start":{"line":18,"column":0},"end":{"line":18,"column":64}},"18":{"start":{"line":19,"column":0},"end":{"line":19,"column":78}},"19":{"start":{"line":20,"column":0},"end":{"line":20,"column":76}},"20":{"start":{"line":21,"column":0},"end":{"line":21,"column":33}},"21":{"start":{"line":22,"column":0},"end":{"line":22,"column":6}},"22":{"start":{"line":23,"column":0},"end":{"line":23,"column":18}},"23":{"start":{"line":24,"column":0},"end":{"line":24,"column":7}},"24":{"start":{"line":25,"column":0},"end":{"line":25,"column":40}},"25":{"start":{"line":26,"column":0},"end":{"line":26,"column":51}},"26":{"start":{"line":27,"column":0},"end":{"line":27,"column":21}},"27":{"start":{"line":28,"column":0},"end":{"line":28,"column":22}},"28":{"start":{"line":29,"column":0},"end":{"line":29,"column":17}},"29":{"start":{"line":30,"column":0},"end":{"line":30,"column":27}},"30":{"start":{"line":31,"column":0},"end":{"line":31,"column":23}},"31":{"start":{"line":32,"column":0},"end":{"line":32,"column":19}},"32":{"start":{"line":33,"column":0},"end":{"line":33,"column":67}},"33":{"start":{"line":34,"column":0},"end":{"line":34,"column":21}},"34":{"start":{"line":35,"column":0},"end":{"line":35,"column":69}},"35":{"start":{"line":36,"column":0},"end":{"line":36,"column":79}},"36":{"start":{"line":37,"column":0},"end":{"line":37,"column":35}},"37":{"start":{"line":38,"column":0},"end":{"line":38,"column":8}},"38":{"start":{"line":39,"column":0},"end":{"line":39,"column":7}},"39":{"start":{"line":40,"column":0},"end":{"line":40,"column":40}},"40":{"start":{"line":41,"column":0},"end":{"line":41,"column":55}},"41":{"start":{"line":42,"column":0},"end":{"line":42,"column":21}},"42":{"start":{"line":43,"column":0},"end":{"line":43,"column":21}},"43":{"start":{"line":44,"column":0},"end":{"line":44,"column":16}},"44":{"start":{"line":45,"column":0},"end":{"line":45,"column":26}},"45":{"start":{"line":46,"column":0},"end":{"line":46,"column":22}},"46":{"start":{"line":47,"column":0},"end":{"line":47,"column":19}},"47":{"start":{"line":48,"column":0},"end":{"line":48,"column":67}},"48":{"start":{"line":49,"column":0},"end":{"line":49,"column":21}},"49":{"start":{"line":50,"column":0},"end":{"line":50,"column":69}},"50":{"start":{"line":51,"column":0},"end":{"line":51,"column":79}},"51":{"start":{"line":52,"column":0},"end":{"line":52,"column":35}},"52":{"start":{"line":53,"column":0},"end":{"line":53,"column":8}},"53":{"start":{"line":54,"column":0},"end":{"line":54,"column":7}},"54":{"start":{"line":55,"column":0},"end":{"line":55,"column":40}},"55":{"start":{"line":56,"column":0},"end":{"line":56,"column":44}},"56":{"start":{"line":57,"column":0},"end":{"line":57,"column":21}},"57":{"start":{"line":58,"column":0},"end":{"line":58,"column":22}},"58":{"start":{"line":59,"column":0},"end":{"line":59,"column":17}},"59":{"start":{"line":60,"column":0},"end":{"line":60,"column":27}},"60":{"start":{"line":61,"column":0},"end":{"line":61,"column":23}},"61":{"start":{"line":62,"column":0},"end":{"line":62,"column":20}},"62":{"start":{"line":63,"column":0},"end":{"line":63,"column":67}},"63":{"start":{"line":64,"column":0},"end":{"line":64,"column":21}},"64":{"start":{"line":65,"column":0},"end":{"line":65,"column":69}},"65":{"start":{"line":66,"column":0},"end":{"line":66,"column":79}},"66":{"start":{"line":67,"column":0},"end":{"line":67,"column":35}},"67":{"start":{"line":68,"column":0},"end":{"line":68,"column":8}},"68":{"start":{"line":69,"column":0},"end":{"line":69,"column":7}},"69":{"start":{"line":70,"column":0},"end":{"line":70,"column":40}},"70":{"start":{"line":71,"column":0},"end":{"line":71,"column":54}},"71":{"start":{"line":72,"column":0},"end":{"line":72,"column":21}},"72":{"start":{"line":73,"column":0},"end":{"line":73,"column":22}},"73":{"start":{"line":74,"column":0},"end":{"line":74,"column":17}},"74":{"start":{"line":75,"column":0},"end":{"line":75,"column":27}},"75":{"start":{"line":76,"column":0},"end":{"line":76,"column":22}},"76":{"start":{"line":77,"column":0},"end":{"line":77,"column":19}},"77":{"start":{"line":78,"column":0},"end":{"line":78,"column":64}},"78":{"start":{"line":79,"column":0},"end":{"line":79,"column":78}},"79":{"start":{"line":80,"column":0},"end":{"line":80,"column":76}},"80":{"start":{"line":81,"column":0},"end":{"line":81,"column":35}},"81":{"start":{"line":82,"column":0},"end":{"line":82,"column":8}},"82":{"start":{"line":83,"column":0},"end":{"line":83,"column":7}},"83":{"start":{"line":84,"column":0},"end":{"line":84,"column":40}},"84":{"start":{"line":85,"column":0},"end":{"line":85,"column":43}},"85":{"start":{"line":86,"column":0},"end":{"line":86,"column":22}},"86":{"start":{"line":87,"column":0},"end":{"line":87,"column":21}},"87":{"start":{"line":88,"column":0},"end":{"line":88,"column":16}},"88":{"start":{"line":89,"column":0},"end":{"line":89,"column":26}},"89":{"start":{"line":90,"column":0},"end":{"line":90,"column":21}},"90":{"start":{"line":91,"column":0},"end":{"line":91,"column":18}},"91":{"start":{"line":92,"column":0},"end":{"line":92,"column":68}},"92":{"start":{"line":93,"column":0},"end":{"line":93,"column":21}},"93":{"start":{"line":94,"column":0},"end":{"line":94,"column":70}},"94":{"start":{"line":95,"column":0},"end":{"line":95,"column":80}},"95":{"start":{"line":96,"column":0},"end":{"line":96,"column":35}},"96":{"start":{"line":97,"column":0},"end":{"line":97,"column":7}},"97":{"start":{"line":98,"column":0},"end":{"line":98,"column":5}},"98":{"start":{"line":99,"column":0},"end":{"line":99,"column":3}},"99":{"start":{"line":100,"column":0},"end":{"line":100,"column":2}},"100":{"start":{"line":101,"column":0},"end":{"line":101,"column":0}},"101":{"start":{"line":102,"column":0},"end":{"line":102,"column":60}},"102":{"start":{"line":103,"column":0},"end":{"line":103,"column":10}},"103":{"start":{"line":104,"column":0},"end":{"line":104,"column":10}},"104":{"start":{"line":105,"column":0},"end":{"line":105,"column":38}},"105":{"start":{"line":106,"column":0},"end":{"line":106,"column":37}},"106":{"start":{"line":107,"column":0},"end":{"line":107,"column":18}},"107":{"start":{"line":108,"column":0},"end":{"line":108,"column":19}},"108":{"start":{"line":109,"column":0},"end":{"line":109,"column":14}},"109":{"start":{"line":110,"column":0},"end":{"line":110,"column":24}},"110":{"start":{"line":111,"column":0},"end":{"line":111,"column":20}},"111":{"start":{"line":112,"column":0},"end":{"line":112,"column":18}},"112":{"start":{"line":113,"column":0},"end":{"line":113,"column":64}},"113":{"start":{"line":114,"column":0},"end":{"line":114,"column":78}},"114":{"start":{"line":115,"column":0},"end":{"line":115,"column":76}},"115":{"start":{"line":116,"column":0},"end":{"line":116,"column":33}},"116":{"start":{"line":117,"column":0},"end":{"line":117,"column":6}},"117":{"start":{"line":118,"column":0},"end":{"line":118,"column":18}},"118":{"start":{"line":119,"column":0},"end":{"line":119,"column":7}},"119":{"start":{"line":120,"column":0},"end":{"line":120,"column":40}},"120":{"start":{"line":121,"column":0},"end":{"line":121,"column":51}},"121":{"start":{"line":122,"column":0},"end":{"line":122,"column":21}},"122":{"start":{"line":123,"column":0},"end":{"line":123,"column":22}},"123":{"start":{"line":124,"column":0},"end":{"line":124,"column":17}},"124":{"start":{"line":125,"column":0},"end":{"line":125,"column":27}},"125":{"start":{"line":126,"column":0},"end":{"line":126,"column":23}},"126":{"start":{"line":127,"column":0},"end":{"line":127,"column":19}},"127":{"start":{"line":128,"column":0},"end":{"line":128,"column":67}},"128":{"start":{"line":129,"column":0},"end":{"line":129,"column":21}},"129":{"start":{"line":130,"column":0},"end":{"line":130,"column":69}},"130":{"start":{"line":131,"column":0},"end":{"line":131,"column":79}},"131":{"start":{"line":132,"column":0},"end":{"line":132,"column":35}},"132":{"start":{"line":133,"column":0},"end":{"line":133,"column":8}},"133":{"start":{"line":134,"column":0},"end":{"line":134,"column":7}},"134":{"start":{"line":135,"column":0},"end":{"line":135,"column":40}},"135":{"start":{"line":136,"column":0},"end":{"line":136,"column":55}},"136":{"start":{"line":137,"column":0},"end":{"line":137,"column":21}},"137":{"start":{"line":138,"column":0},"end":{"line":138,"column":21}},"138":{"start":{"line":139,"column":0},"end":{"line":139,"column":16}},"139":{"start":{"line":140,"column":0},"end":{"line":140,"column":26}},"140":{"start":{"line":141,"column":0},"end":{"line":141,"column":22}},"141":{"start":{"line":142,"column":0},"end":{"line":142,"column":19}},"142":{"start":{"line":143,"column":0},"end":{"line":143,"column":67}},"143":{"start":{"line":144,"column":0},"end":{"line":144,"column":21}},"144":{"start":{"line":145,"column":0},"end":{"line":145,"column":69}},"145":{"start":{"line":146,"column":0},"end":{"line":146,"column":79}},"146":{"start":{"line":147,"column":0},"end":{"line":147,"column":35}},"147":{"start":{"line":148,"column":0},"end":{"line":148,"column":8}},"148":{"start":{"line":149,"column":0},"end":{"line":149,"column":7}},"149":{"start":{"line":150,"column":0},"end":{"line":150,"column":40}},"150":{"start":{"line":151,"column":0},"end":{"line":151,"column":44}},"151":{"start":{"line":152,"column":0},"end":{"line":152,"column":21}},"152":{"start":{"line":153,"column":0},"end":{"line":153,"column":22}},"153":{"start":{"line":154,"column":0},"end":{"line":154,"column":17}},"154":{"start":{"line":155,"column":0},"end":{"line":155,"column":27}},"155":{"start":{"line":156,"column":0},"end":{"line":156,"column":23}},"156":{"start":{"line":157,"column":0},"end":{"line":157,"column":20}},"157":{"start":{"line":158,"column":0},"end":{"line":158,"column":67}},"158":{"start":{"line":159,"column":0},"end":{"line":159,"column":21}},"159":{"start":{"line":160,"column":0},"end":{"line":160,"column":69}},"160":{"start":{"line":161,"column":0},"end":{"line":161,"column":79}},"161":{"start":{"line":162,"column":0},"end":{"line":162,"column":35}},"162":{"start":{"line":163,"column":0},"end":{"line":163,"column":8}},"163":{"start":{"line":164,"column":0},"end":{"line":164,"column":7}},"164":{"start":{"line":165,"column":0},"end":{"line":165,"column":40}},"165":{"start":{"line":166,"column":0},"end":{"line":166,"column":43}},"166":{"start":{"line":167,"column":0},"end":{"line":167,"column":22}},"167":{"start":{"line":168,"column":0},"end":{"line":168,"column":21}},"168":{"start":{"line":169,"column":0},"end":{"line":169,"column":16}},"169":{"start":{"line":170,"column":0},"end":{"line":170,"column":26}},"170":{"start":{"line":171,"column":0},"end":{"line":171,"column":21}},"171":{"start":{"line":172,"column":0},"end":{"line":172,"column":18}},"172":{"start":{"line":173,"column":0},"end":{"line":173,"column":68}},"173":{"start":{"line":174,"column":0},"end":{"line":174,"column":21}},"174":{"start":{"line":175,"column":0},"end":{"line":175,"column":70}},"175":{"start":{"line":176,"column":0},"end":{"line":176,"column":80}},"176":{"start":{"line":177,"column":0},"end":{"line":177,"column":35}},"177":{"start":{"line":178,"column":0},"end":{"line":178,"column":7}},"178":{"start":{"line":179,"column":0},"end":{"line":179,"column":5}},"179":{"start":{"line":180,"column":0},"end":{"line":180,"column":3}},"180":{"start":{"line":181,"column":0},"end":{"line":181,"column":2}},"181":{"start":{"line":182,"column":0},"end":{"line":182,"column":0}},"182":{"start":{"line":183,"column":0},"end":{"line":183,"column":60}},"183":{"start":{"line":184,"column":0},"end":{"line":184,"column":10}},"184":{"start":{"line":185,"column":0},"end":{"line":185,"column":10}},"185":{"start":{"line":186,"column":0},"end":{"line":186,"column":38}},"186":{"start":{"line":187,"column":0},"end":{"line":187,"column":37}},"187":{"start":{"line":188,"column":0},"end":{"line":188,"column":18}},"188":{"start":{"line":189,"column":0},"end":{"line":189,"column":19}},"189":{"start":{"line":190,"column":0},"end":{"line":190,"column":14}},"190":{"start":{"line":191,"column":0},"end":{"line":191,"column":24}},"191":{"start":{"line":192,"column":0},"end":{"line":192,"column":20}},"192":{"start":{"line":193,"column":0},"end":{"line":193,"column":18}},"193":{"start":{"line":194,"column":0},"end":{"line":194,"column":64}},"194":{"start":{"line":195,"column":0},"end":{"line":195,"column":78}},"195":{"start":{"line":196,"column":0},"end":{"line":196,"column":76}},"196":{"start":{"line":197,"column":0},"end":{"line":197,"column":33}},"197":{"start":{"line":198,"column":0},"end":{"line":198,"column":6}},"198":{"start":{"line":199,"column":0},"end":{"line":199,"column":18}},"199":{"start":{"line":200,"column":0},"end":{"line":200,"column":7}},"200":{"start":{"line":201,"column":0},"end":{"line":201,"column":40}},"201":{"start":{"line":202,"column":0},"end":{"line":202,"column":51}},"202":{"start":{"line":203,"column":0},"end":{"line":203,"column":21}},"203":{"start":{"line":204,"column":0},"end":{"line":204,"column":22}},"204":{"start":{"line":205,"column":0},"end":{"line":205,"column":17}},"205":{"start":{"line":206,"column":0},"end":{"line":206,"column":27}},"206":{"start":{"line":207,"column":0},"end":{"line":207,"column":23}},"207":{"start":{"line":208,"column":0},"end":{"line":208,"column":19}},"208":{"start":{"line":209,"column":0},"end":{"line":209,"column":67}},"209":{"start":{"line":210,"column":0},"end":{"line":210,"column":21}},"210":{"start":{"line":211,"column":0},"end":{"line":211,"column":69}},"211":{"start":{"line":212,"column":0},"end":{"line":212,"column":79}},"212":{"start":{"line":213,"column":0},"end":{"line":213,"column":35}},"213":{"start":{"line":214,"column":0},"end":{"line":214,"column":8}},"214":{"start":{"line":215,"column":0},"end":{"line":215,"column":7}},"215":{"start":{"line":216,"column":0},"end":{"line":216,"column":40}},"216":{"start":{"line":217,"column":0},"end":{"line":217,"column":55}},"217":{"start":{"line":218,"column":0},"end":{"line":218,"column":21}},"218":{"start":{"line":219,"column":0},"end":{"line":219,"column":21}},"219":{"start":{"line":220,"column":0},"end":{"line":220,"column":16}},"220":{"start":{"line":221,"column":0},"end":{"line":221,"column":26}},"221":{"start":{"line":222,"column":0},"end":{"line":222,"column":22}},"222":{"start":{"line":223,"column":0},"end":{"line":223,"column":19}},"223":{"start":{"line":224,"column":0},"end":{"line":224,"column":67}},"224":{"start":{"line":225,"column":0},"end":{"line":225,"column":21}},"225":{"start":{"line":226,"column":0},"end":{"line":226,"column":69}},"226":{"start":{"line":227,"column":0},"end":{"line":227,"column":79}},"227":{"start":{"line":228,"column":0},"end":{"line":228,"column":35}},"228":{"start":{"line":229,"column":0},"end":{"line":229,"column":8}},"229":{"start":{"line":230,"column":0},"end":{"line":230,"column":7}},"230":{"start":{"line":231,"column":0},"end":{"line":231,"column":40}},"231":{"start":{"line":232,"column":0},"end":{"line":232,"column":54}},"232":{"start":{"line":233,"column":0},"end":{"line":233,"column":21}},"233":{"start":{"line":234,"column":0},"end":{"line":234,"column":22}},"234":{"start":{"line":235,"column":0},"end":{"line":235,"column":17}},"235":{"start":{"line":236,"column":0},"end":{"line":236,"column":27}},"236":{"start":{"line":237,"column":0},"end":{"line":237,"column":22}},"237":{"start":{"line":238,"column":0},"end":{"line":238,"column":19}},"238":{"start":{"line":239,"column":0},"end":{"line":239,"column":64}},"239":{"start":{"line":240,"column":0},"end":{"line":240,"column":78}},"240":{"start":{"line":241,"column":0},"end":{"line":241,"column":76}},"241":{"start":{"line":242,"column":0},"end":{"line":242,"column":35}},"242":{"start":{"line":243,"column":0},"end":{"line":243,"column":8}},"243":{"start":{"line":244,"column":0},"end":{"line":244,"column":7}},"244":{"start":{"line":245,"column":0},"end":{"line":245,"column":40}},"245":{"start":{"line":246,"column":0},"end":{"line":246,"column":44}},"246":{"start":{"line":247,"column":0},"end":{"line":247,"column":21}},"247":{"start":{"line":248,"column":0},"end":{"line":248,"column":22}},"248":{"start":{"line":249,"column":0},"end":{"line":249,"column":17}},"249":{"start":{"line":250,"column":0},"end":{"line":250,"column":27}},"250":{"start":{"line":251,"column":0},"end":{"line":251,"column":23}},"251":{"start":{"line":252,"column":0},"end":{"line":252,"column":20}},"252":{"start":{"line":253,"column":0},"end":{"line":253,"column":67}},"253":{"start":{"line":254,"column":0},"end":{"line":254,"column":21}},"254":{"start":{"line":255,"column":0},"end":{"line":255,"column":69}},"255":{"start":{"line":256,"column":0},"end":{"line":256,"column":79}},"256":{"start":{"line":257,"column":0},"end":{"line":257,"column":35}},"257":{"start":{"line":258,"column":0},"end":{"line":258,"column":8}},"258":{"start":{"line":259,"column":0},"end":{"line":259,"column":7}},"259":{"start":{"line":260,"column":0},"end":{"line":260,"column":40}},"260":{"start":{"line":261,"column":0},"end":{"line":261,"column":43}},"261":{"start":{"line":262,"column":0},"end":{"line":262,"column":22}},"262":{"start":{"line":263,"column":0},"end":{"line":263,"column":21}},"263":{"start":{"line":264,"column":0},"end":{"line":264,"column":16}},"264":{"start":{"line":265,"column":0},"end":{"line":265,"column":26}},"265":{"start":{"line":266,"column":0},"end":{"line":266,"column":21}},"266":{"start":{"line":267,"column":0},"end":{"line":267,"column":18}},"267":{"start":{"line":268,"column":0},"end":{"line":268,"column":68}},"268":{"start":{"line":269,"column":0},"end":{"line":269,"column":21}},"269":{"start":{"line":270,"column":0},"end":{"line":270,"column":70}},"270":{"start":{"line":271,"column":0},"end":{"line":271,"column":80}},"271":{"start":{"line":272,"column":0},"end":{"line":272,"column":35}},"272":{"start":{"line":273,"column":0},"end":{"line":273,"column":7}},"273":{"start":{"line":274,"column":0},"end":{"line":274,"column":5}},"274":{"start":{"line":275,"column":0},"end":{"line":275,"column":3}},"275":{"start":{"line":276,"column":0},"end":{"line":276,"column":2}}},"s":{"0":1,"1":1,"2":1,"3":1,"4":1,"5":1,"6":1,"7":1,"8":1,"9":1,"10":1,"11":1,"12":1,"13":1,"14":1,"15":1,"16":1,"17":1,"18":1,"19":1,"20":1,"21":1,"22":1,"23":1,"24":1,"25":1,"26":1,"27":1,"28":1,"29":1,"30":1,"31":1,"32":1,"33":1,"34":1,"35":1,"36":1,"37":1,"38":1,"39":1,"40":1,"41":1,"42":1,"43":1,"44":1,"45":1,"46":1,"47":1,"48":1,"49":1,"50":1,"51":1,"52":1,"53":1,"54":1,"55":1,"56":1,"57":1,"58":1,"59":1,"60":1,"61":1,"62":1,"63":1,"64":1,"65":1,"66":1,"67":1,"68":1,"69":1,"70":1,"71":1,"72":1,"73":1,"74":1,"75":1,"76":1,"77":1,"78":1,"79":1,"80":1,"81":1,"82":1,"83":1,"84":1,"85":1,"86":1,"87":1,"88":1,"89":1,"90":1,"91":1,"92":1,"93":1,"94":1,"95":1,"96":1,"97":1,"98":1,"99":1,"100":1,"101":1,"102":1,"103":1,"104":1,"105":1,"106":1,"107":1,"108":1,"109":1,"110":1,"111":1,"112":1,"113":1,"114":1,"115":1,"116":1,"117":1,"118":1,"119":1,"120":1,"121":1,"122":1,"123":1,"124":1,"125":1,"126":1,"127":1,"128":1,"129":1,"130":1,"131":1,"132":1,"133":1,"134":1,"135":1,"136":1,"137":1,"138":1,"139":1,"140":1,"141":1,"142":1,"143":1,"144":1,"145":1,"146":1,"147":1,"148":1,"149":1,"150":1,"151":1,"152":1,"153":1,"154":1,"155":1,"156":1,"157":1,"158":1,"159":1,"160":1,"161":1,"162":1,"163":1,"164":1,"165":1,"166":1,"167":1,"168":1,"169":1,"170":1,"171":1,"172":1,"173":1,"174":1,"175":1,"176":1,"177":1,"178":1,"179":1,"180":1,"181":1,"182":1,"183":1,"184":1,"185":1,"186":1,"187":1,"188":1,"189":1,"190":1,"191":1,"192":1,"193":1,"194":1,"195":1,"196":1,"197":1,"198":1,"199":1,"200":1,"201":1,"202":1,"203":1,"204":1,"205":1,"206":1,"207":1,"208":1,"209":1,"210":1,"211":1,"212":1,"213":1,"214":1,"215":1,"216":1,"217":1,"218":1,"219":1,"220":1,"221":1,"222":1,"223":1,"224":1,"225":1,"226":1,"227":1,"228":1,"229":1,"230":1,"231":1,"232":1,"233":1,"234":1,"235":1,"236":1,"237":1,"238":1,"239":1,"240":1,"241":1,"242":1,"243":1,"244":1,"245":1,"246":1,"247":1,"248":1,"249":1,"250":1,"251":1,"252":1,"253":1,"254":1,"255":1,"256":1,"257":1,"258":1,"259":1,"260":1,"261":1,"262":1,"263":1,"264":1,"265":1,"266":1,"267":1,"268":1,"269":1,"270":1,"271":1,"272":1,"273":1,"274":1,"275":1},"branchMap":{},"b":{},"fnMap":{},"f":{}}
,"/home/katyuhalearn/practicum/dev/stellar-burgers/src/services/constructor/slice.ts": {"path":"/home/katyuhalearn/practicum/dev/stellar-burgers/src/services/constructor/slice.ts","all":false,"statementMap":{"0":{"start":{"line":1,"column":0},"end":{"line":1,"column":70}},"1":{"start":{"line":2,"column":0},"end":{"line":2,"column":8}},"2":{"start":{"line":3,"column":0},"end":{"line":3,"column":25}},"3":{"start":{"line":4,"column":0},"end":{"line":4,"column":20}},"4":{"start":{"line":5,"column":0},"end":{"line":5,"column":13}},"5":{"start":{"line":6,"column":0},"end":{"line":6,"column":22}},"6":{"start":{"line":7,"column":0},"end":{"line":7,"column":0}},"7":{"start":{"line":8,"column":0},"end":{"line":8,"column":33}},"8":{"start":{"line":9,"column":0},"end":{"line":9,"column":27}},"9":{"start":{"line":10,"column":0},"end":{"line":10,"column":2}},"10":{"start":{"line":11,"column":0},"end":{"line":11,"column":0}},"11":{"start":{"line":12,"column":0},"end":{"line":12,"column":41}},"12":{"start":{"line":13,"column":0},"end":{"line":13,"column":39}},"13":{"start":{"line":14,"column":0},"end":{"line":14,"column":2}},"14":{"start":{"line":15,"column":0},"end":{"line":15,"column":0}},"15":{"start":{"line":16,"column":0},"end":{"line":16,"column":51}},"16":{"start":{"line":17,"column":0},"end":{"line":17,"column":28}},"17":{"start":{"line":18,"column":0},"end":{"line":18,"column":15}},"18":{"start":{"line":19,"column":0},"end":{"line":19,"column":14}},"19":{"start":{"line":20,"column":0},"end":{"line":20,"column":52}},"20":{"start":{"line":21,"column":0},"end":{"line":21,"column":4}},"21":{"start":{"line":22,"column":0},"end":{"line":22,"column":13}},"22":{"start":{"line":23,"column":0},"end":{"line":23,"column":25}},"23":{"start":{"line":24,"column":0},"end":{"line":24,"column":74}},"24":{"start":{"line":25,"column":0},"end":{"line":25,"column":44}},"25":{"start":{"line":26,"column":0},"end":{"line":26,"column":50}},"26":{"start":{"line":27,"column":0},"end":{"line":27,"column":16}},"27":{"start":{"line":28,"column":0},"end":{"line":28,"column":55}},"28":{"start":{"line":29,"column":0},"end":{"line":29,"column":9}},"29":{"start":{"line":30,"column":0},"end":{"line":30,"column":8}},"30":{"start":{"line":31,"column":0},"end":{"line":31,"column":45}},"31":{"start":{"line":32,"column":0},"end":{"line":32,"column":28}},"32":{"start":{"line":33,"column":0},"end":{"line":33,"column":50}},"33":{"start":{"line":34,"column":0},"end":{"line":34,"column":7}},"34":{"start":{"line":35,"column":0},"end":{"line":35,"column":6}},"35":{"start":{"line":36,"column":0},"end":{"line":36,"column":28}},"36":{"start":{"line":37,"column":0},"end":{"line":37,"column":12}},"37":{"start":{"line":38,"column":0},"end":{"line":38,"column":51}},"38":{"start":{"line":39,"column":0},"end":{"line":39,"column":10}},"39":{"start":{"line":40,"column":0},"end":{"line":40,"column":42}},"40":{"start":{"line":41,"column":0},"end":{"line":41,"column":31}},"41":{"start":{"line":42,"column":0},"end":{"line":42,"column":14}},"42":{"start":{"line":43,"column":0},"end":{"line":43,"column":65}},"43":{"start":{"line":44,"column":0},"end":{"line":44,"column":43}},"44":{"start":{"line":45,"column":0},"end":{"line":45,"column":10}},"45":{"start":{"line":46,"column":0},"end":{"line":46,"column":7}},"46":{"start":{"line":47,"column":0},"end":{"line":47,"column":6}},"47":{"start":{"line":48,"column":0},"end":{"line":48,"column":28}},"48":{"start":{"line":49,"column":0},"end":{"line":49,"column":12}},"49":{"start":{"line":50,"column":0},"end":{"line":50,"column":51}},"50":{"start":{"line":51,"column":0},"end":{"line":51,"column":10}},"51":{"start":{"line":52,"column":0},"end":{"line":52,"column":54}},"52":{"start":{"line":53,"column":0},"end":{"line":53,"column":59}},"53":{"start":{"line":54,"column":0},"end":{"line":54,"column":8}},"54":{"start":{"line":55,"column":0},"end":{"line":55,"column":54}},"55":{"start":{"line":56,"column":0},"end":{"line":56,"column":58}},"56":{"start":{"line":57,"column":0},"end":{"line":57,"column":44}},"57":{"start":{"line":58,"column":0},"end":{"line":58,"column":6}},"58":{"start":{"line":59,"column":0},"end":{"line":59,"column":30}},"59":{"start":{"line":60,"column":0},"end":{"line":60,"column":12}},"60":{"start":{"line":61,"column":0},"end":{"line":61,"column":51}},"61":{"start":{"line":62,"column":0},"end":{"line":62,"column":10}},"62":{"start":{"line":63,"column":0},"end":{"line":63,"column":54}},"63":{"start":{"line":64,"column":0},"end":{"line":64,"column":59}},"64":{"start":{"line":65,"column":0},"end":{"line":65,"column":8}},"65":{"start":{"line":66,"column":0},"end":{"line":66,"column":54}},"66":{"start":{"line":67,"column":0},"end":{"line":67,"column":58}},"67":{"start":{"line":68,"column":0},"end":{"line":68,"column":44}},"68":{"start":{"line":69,"column":0},"end":{"line":69,"column":6}},"69":{"start":{"line":70,"column":0},"end":{"line":70,"column":79}},"70":{"start":{"line":71,"column":0},"end":{"line":71,"column":35}},"71":{"start":{"line":72,"column":0},"end":{"line":72,"column":5}},"72":{"start":{"line":73,"column":0},"end":{"line":73,"column":3}},"73":{"start":{"line":74,"column":0},"end":{"line":74,"column":3}},"74":{"start":{"line":75,"column":0},"end":{"line":75,"column":0}},"75":{"start":{"line":76,"column":0},"end":{"line":76,"column":77}},"76":{"start":{"line":77,"column":0},"end":{"line":77,"column":14}},"77":{"start":{"line":78,"column":0},"end":{"line":78,"column":21}},"78":{"start":{"line":79,"column":0},"end":{"line":79,"column":24}},"79":{"start":{"line":80,"column":0},"end":{"line":80,"column":26}},"80":{"start":{"line":81,"column":0},"end":{"line":81,"column":24}},"81":{"start":{"line":82,"column":0},"end":{"line":82,"column":21}},"82":{"start":{"line":83,"column":0},"end":{"line":83,"column":35}}},"s":{"0":1,"1":1,"2":1,"3":1,"4":1,"5":1,"6":1,"7":1,"8":1,"9":1,"10":1,"11":1,"12":1,"13":1,"14":1,"15":1,"16":1,"17":1,"18":1,"19":1,"20":1,"21":1,"22":1,"23":1,"24":1,"25":0,"26":1,"27":1,"28":1,"29":1,"30":1,"31":1,"32":1,"33":1,"34":1,"35":1,"36":1,"37":1,"38":1,"39":1,"40":0,"41":1,"42":1,"43":1,"44":1,"45":1,"46":1,"47":1,"48":1,"49":1,"50":1,"51":1,"52":1,"53":1,"54":1,"55":1,"56":1,"57":1,"58":1,"59":1,"60":1,"61":1,"62":1,"63":1,"64":1,"65":1,"66":1,"67":1,"68":1,"69":1,"70":0,"71":0,"72":1,"73":1,"74":1,"75":1,"76":1,"77":1,"78":1,"79":1,"80":1,"81":1,"82":1},"branchMap":{"0":{"type":"branch","line":24,"loc":{"start":{"line":24,"column":15},"end":{"line":30,"column":7}},"locations":[{"start":{"line":24,"column":15},"end":{"line":30,"column":7}}]},"1":{"type":"branch","line":25,"loc":{"start":{"line":25,"column":43},"end":{"line":27,"column":9}},"locations":[{"start":{"line":25,"column":43},"end":{"line":27,"column":9}}]},"2":{"type":"branch","line":31,"loc":{"start":{"line":31,"column":15},"end":{"line":34,"column":7}},"locations":[{"start":{"line":31,"column":15},"end":{"line":34,"column":7}}]},"3":{"type":"branch","line":36,"loc":{"start":{"line":36,"column":27},"end":{"line":47,"column":5}},"locations":[{"start":{"line":36,"column":27},"end":{"line":47,"column":5}}]},"4":{"type":"branch","line":40,"loc":{"start":{"line":40,"column":41},"end":{"line":42,"column":7}},"locations":[{"start":{"line":40,"column":41},"end":{"line":42,"column":7}}]},"5":{"type":"branch","line":44,"loc":{"start":{"line":44,"column":10},"end":{"line":44,"column":18}},"locations":[{"start":{"line":44,"column":10},"end":{"line":44,"column":18}}]},"6":{"type":"branch","line":48,"loc":{"start":{"line":48,"column":27},"end":{"line":58,"column":5}},"locations":[{"start":{"line":48,"column":27},"end":{"line":58,"column":5}}]},"7":{"type":"branch","line":53,"loc":{"start":{"line":53,"column":8},"end":{"line":53,"column":34}},"locations":[{"start":{"line":53,"column":8},"end":{"line":53,"column":34}}]},"8":{"type":"branch","line":59,"loc":{"start":{"line":59,"column":29},"end":{"line":69,"column":5}},"locations":[{"start":{"line":59,"column":29},"end":{"line":69,"column":5}}]},"9":{"type":"branch","line":64,"loc":{"start":{"line":64,"column":8},"end":{"line":64,"column":34}},"locations":[{"start":{"line":64,"column":8},"end":{"line":64,"column":34}}]}},"b":{"0":[1],"1":[0],"2":[1],"3":[1],"4":[0],"5":[5],"6":[1],"7":[4],"8":[1],"9":[3]},"fnMap":{"0":{"name":"constructorItemsSelector","decl":{"start":{"line":20,"column":30},"end":{"line":20,"column":46}},"loc":{"start":{"line":20,"column":30},"end":{"line":20,"column":46}},"line":20},"1":{"name":"reducer","decl":{"start":{"line":24,"column":15},"end":{"line":30,"column":7}},"loc":{"start":{"line":24,"column":15},"end":{"line":30,"column":7}},"line":24},"2":{"name":"prepare","decl":{"start":{"line":31,"column":15},"end":{"line":34,"column":7}},"loc":{"start":{"line":31,"column":15},"end":{"line":34,"column":7}},"line":31},"3":{"name":"removeConstructorItem","decl":{"start":{"line":36,"column":27},"end":{"line":47,"column":5}},"loc":{"start":{"line":36,"column":27},"end":{"line":47,"column":5}},"line":36},"4":{"name":"moveConstructorItemUp","decl":{"start":{"line":48,"column":27},"end":{"line":58,"column":5}},"loc":{"start":{"line":48,"column":27},"end":{"line":58,"column":5}},"line":48},"5":{"name":"moveConstructorItemDown","decl":{"start":{"line":59,"column":29},"end":{"line":69,"column":5}},"loc":{"start":{"line":59,"column":29},"end":{"line":69,"column":5}},"line":59},"6":{"name":"setConstructorItems","decl":{"start":{"line":70,"column":25},"end":{"line":72,"column":5}},"loc":{"start":{"line":70,"column":25},"end":{"line":72,"column":5}},"line":70}},"f":{"0":0,"1":1,"2":1,"3":1,"4":1,"5":1,"6":0}}
,"/home/katyuhalearn/practicum/dev/stellar-burgers/src/services/feeds/actions.ts": {"path":"/home/katyuhalearn/practicum/dev/stellar-burgers/src/services/feeds/actions.ts","all":false,"statementMap":{"0":{"start":{"line":1,"column":0},"end":{"line":1,"column":56}},"1":{"start":{"line":2,"column":0},"end":{"line":2,"column":52}},"2":{"start":{"line":3,"column":0},"end":{"line":3,"column":0}},"3":{"start":{"line":4,"column":0},"end":{"line":4,"column":41}},"4":{"start":{"line":5,"column":0},"end":{"line":5,"column":19}},"5":{"start":{"line":6,"column":0},"end":{"line":6,"column":33}},"6":{"start":{"line":7,"column":0},"end":{"line":7,"column":2}},"7":{"start":{"line":8,"column":0},"end":{"line":8,"column":0}},"8":{"start":{"line":9,"column":0},"end":{"line":9,"column":41}},"9":{"start":{"line":10,"column":0},"end":{"line":10,"column":19}},"10":{"start":{"line":11,"column":0},"end":{"line":11,"column":55}},"11":{"start":{"line":12,"column":0},"end":{"line":12,"column":2}}},"s":{"0":1,"1":1,"2":1,"3":1,"4":1,"5":1,"6":1,"7":1,"8":1,"9":1,"10":1,"11":1},"branchMap":{},"b":{},"fnMap":{},"f":{}}
,"/home/katyuhalearn/practicum/dev/stellar-burgers/src/services/feeds/feeds.mock.ts": {"path":"/home/katyuhalearn/practicum/dev/stellar-burgers/src/services/feeds/feeds.mock.ts","all":false,"statementMap":{"0":{"start":{"line":1,"column":0},"end":{"line":1,"column":37}},"1":{"start":{"line":2,"column":0},"end":{"line":2,"column":0}},"2":{"start":{"line":3,"column":0},"end":{"line":3,"column":41}},"3":{"start":{"line":4,"column":0},"end":{"line":4,"column":13}},"4":{"start":{"line":5,"column":0},"end":{"line":5,"column":11}},"5":{"start":{"line":6,"column":0},"end":{"line":6,"column":16}},"6":{"start":{"line":7,"column":0},"end":{"line":7,"column":19}},"7":{"start":{"line":8,"column":0},"end":{"line":8,"column":22}},"8":{"start":{"line":9,"column":0},"end":{"line":9,"column":23}},"9":{"start":{"line":10,"column":0},"end":{"line":10,"column":2}}},"s":{"0":1,"1":1,"2":1,"3":1,"4":1,"5":1,"6":1,"7":1,"8":1,"9":1},"branchMap":{},"b":{},"fnMap":{},"f":{}}
,"/home/katyuhalearn/practicum/dev/stellar-burgers/src/services/feeds/slice.ts": {"path":"/home/katyuhalearn/practicum/dev/stellar-burgers/src/services/feeds/slice.ts","all":false,"statementMap":{"0":{"start":{"line":1,"column":0},"end":{"line":1,"column":62}},"1":{"start":{"line":2,"column":0},"end":{"line":2,"column":45}},"2":{"start":{"line":3,"column":0},"end":{"line":3,"column":47}},"3":{"start":{"line":4,"column":0},"end":{"line":4,"column":0}},"4":{"start":{"line":5,"column":0},"end":{"line":5,"column":26}},"5":{"start":{"line":6,"column":0},"end":{"line":6,"column":19}},"6":{"start":{"line":7,"column":0},"end":{"line":7,"column":16}},"7":{"start":{"line":8,"column":0},"end":{"line":8,"column":21}},"8":{"start":{"line":9,"column":0},"end":{"line":9,"column":21}},"9":{"start":{"line":10,"column":0},"end":{"line":10,"column":31}},"10":{"start":{"line":11,"column":0},"end":{"line":11,"column":26}},"11":{"start":{"line":12,"column":0},"end":{"line":12,"column":2}},"12":{"start":{"line":13,"column":0},"end":{"line":13,"column":0}},"13":{"start":{"line":14,"column":0},"end":{"line":14,"column":34}},"14":{"start":{"line":15,"column":0},"end":{"line":15,"column":13}},"15":{"start":{"line":16,"column":0},"end":{"line":16,"column":11}},"16":{"start":{"line":17,"column":0},"end":{"line":17,"column":16}},"17":{"start":{"line":18,"column":0},"end":{"line":18,"column":19}},"18":{"start":{"line":19,"column":0},"end":{"line":19,"column":22}},"19":{"start":{"line":20,"column":0},"end":{"line":20,"column":23}},"20":{"start":{"line":21,"column":0},"end":{"line":21,"column":2}},"21":{"start":{"line":22,"column":0},"end":{"line":22,"column":0}},"22":{"start":{"line":23,"column":0},"end":{"line":23,"column":39}},"23":{"start":{"line":24,"column":0},"end":{"line":24,"column":16}},"24":{"start":{"line":25,"column":0},"end":{"line":25,"column":15}},"25":{"start":{"line":26,"column":0},"end":{"line":26,"column":13}},"26":{"start":{"line":27,"column":0},"end":{"line":27,"column":60}},"27":{"start":{"line":28,"column":0},"end":{"line":28,"column":43}},"28":{"start":{"line":29,"column":0},"end":{"line":29,"column":5}},"29":{"start":{"line":30,"column":0},"end":{"line":30,"column":4}},"30":{"start":{"line":31,"column":0},"end":{"line":31,"column":31}},"31":{"start":{"line":32,"column":0},"end":{"line":32,"column":11}},"32":{"start":{"line":33,"column":0},"end":{"line":33,"column":45}},"33":{"start":{"line":34,"column":0},"end":{"line":34,"column":31}},"34":{"start":{"line":35,"column":0},"end":{"line":35,"column":8}},"35":{"start":{"line":36,"column":0},"end":{"line":36,"column":55}},"36":{"start":{"line":37,"column":0},"end":{"line":37,"column":32}},"37":{"start":{"line":38,"column":0},"end":{"line":38,"column":36}},"38":{"start":{"line":39,"column":0},"end":{"line":39,"column":35}},"39":{"start":{"line":40,"column":0},"end":{"line":40,"column":33}},"40":{"start":{"line":41,"column":0},"end":{"line":41,"column":43}},"41":{"start":{"line":42,"column":0},"end":{"line":42,"column":8}},"42":{"start":{"line":43,"column":0},"end":{"line":43,"column":54}},"43":{"start":{"line":44,"column":0},"end":{"line":44,"column":56}},"44":{"start":{"line":45,"column":0},"end":{"line":45,"column":8}},"45":{"start":{"line":46,"column":0},"end":{"line":46,"column":45}},"46":{"start":{"line":47,"column":0},"end":{"line":47,"column":36}},"47":{"start":{"line":48,"column":0},"end":{"line":48,"column":35}},"48":{"start":{"line":49,"column":0},"end":{"line":49,"column":8}},"49":{"start":{"line":50,"column":0},"end":{"line":50,"column":55}},"50":{"start":{"line":51,"column":0},"end":{"line":51,"column":37}},"51":{"start":{"line":52,"column":0},"end":{"line":52,"column":55}},"52":{"start":{"line":53,"column":0},"end":{"line":53,"column":8}},"53":{"start":{"line":54,"column":0},"end":{"line":54,"column":54}},"54":{"start":{"line":55,"column":0},"end":{"line":55,"column":56}},"55":{"start":{"line":56,"column":0},"end":{"line":56,"column":9}},"56":{"start":{"line":57,"column":0},"end":{"line":57,"column":4}},"57":{"start":{"line":58,"column":0},"end":{"line":58,"column":14}},"58":{"start":{"line":59,"column":0},"end":{"line":59,"column":55}},"59":{"start":{"line":60,"column":0},"end":{"line":60,"column":44}},"60":{"start":{"line":61,"column":0},"end":{"line":61,"column":42}},"61":{"start":{"line":62,"column":0},"end":{"line":62,"column":52}},"62":{"start":{"line":63,"column":0},"end":{"line":63,"column":60}},"63":{"start":{"line":64,"column":0},"end":{"line":64,"column":57}},"64":{"start":{"line":65,"column":0},"end":{"line":65,"column":3}},"65":{"start":{"line":66,"column":0},"end":{"line":66,"column":3}},"66":{"start":{"line":67,"column":0},"end":{"line":67,"column":0}},"67":{"start":{"line":68,"column":0},"end":{"line":68,"column":14}},"68":{"start":{"line":69,"column":0},"end":{"line":69,"column":17}},"69":{"start":{"line":70,"column":0},"end":{"line":70,"column":16}},"70":{"start":{"line":71,"column":0},"end":{"line":71,"column":21}},"71":{"start":{"line":72,"column":0},"end":{"line":72,"column":25}},"72":{"start":{"line":73,"column":0},"end":{"line":73,"column":25}},"73":{"start":{"line":74,"column":0},"end":{"line":74,"column":23}},"74":{"start":{"line":75,"column":0},"end":{"line":75,"column":25}},"75":{"start":{"line":76,"column":0},"end":{"line":76,"column":0}},"76":{"start":{"line":77,"column":0},"end":{"line":77,"column":55}}},"s":{"0":1,"1":1,"2":1,"3":1,"4":1,"5":1,"6":1,"7":1,"8":1,"9":1,"10":1,"11":1,"12":1,"13":1,"14":1,"15":1,"16":1,"17":1,"18":1,"19":1,"20":1,"21":1,"22":1,"23":1,"24":1,"25":1,"26":1,"27":0,"28":0,"29":1,"30":1,"31":1,"32":1,"33":0,"34":1,"35":1,"36":0,"37":0,"38":0,"39":0,"40":0,"41":1,"42":1,"43":0,"44":1,"45":1,"46":0,"47":0,"48":1,"49":1,"50":0,"51":0,"52":1,"53":1,"54":0,"55":1,"56":1,"57":1,"58":1,"59":1,"60":1,"61":1,"62":1,"63":1,"64":1,"65":1,"66":1,"67":1,"68":1,"69":1,"70":1,"71":1,"72":1,"73":1,"74":1,"75":1,"76":1},"branchMap":{"0":{"type":"branch","line":31,"loc":{"start":{"line":31,"column":17},"end":{"line":57,"column":3}},"locations":[{"start":{"line":31,"column":17},"end":{"line":57,"column":3}}]}},"b":{"0":[1]},"fnMap":{"0":{"name":"setSelectedOrder","decl":{"start":{"line":27,"column":20},"end":{"line":29,"column":5}},"loc":{"start":{"line":27,"column":20},"end":{"line":29,"column":5}},"line":27},"1":{"name":"extraReducers","decl":{"start":{"line":31,"column":17},"end":{"line":57,"column":3}},"loc":{"start":{"line":31,"column":17},"end":{"line":57,"column":3}},"line":31},"2":{"name":"isFeedsLoadingSelector","decl":{"start":{"line":59,"column":28},"end":{"line":59,"column":44}},"loc":{"start":{"line":59,"column":28},"end":{"line":59,"column":44}},"line":59},"3":{"name":"ordersSelector","decl":{"start":{"line":60,"column":20},"end":{"line":60,"column":36}},"loc":{"start":{"line":60,"column":20},"end":{"line":60,"column":36}},"line":60},"4":{"name":"totalSelector","decl":{"start":{"line":61,"column":19},"end":{"line":61,"column":35}},"loc":{"start":{"line":61,"column":19},"end":{"line":61,"column":35}},"line":61},"5":{"name":"totalTodaySelector","decl":{"start":{"line":62,"column":24},"end":{"line":62,"column":40}},"loc":{"start":{"line":62,"column":24},"end":{"line":62,"column":40}},"line":62},"6":{"name":"isOrderLoadingSelector","decl":{"start":{"line":63,"column":28},"end":{"line":63,"column":44}},"loc":{"start":{"line":63,"column":28},"end":{"line":63,"column":44}},"line":63},"7":{"name":"selectedOrderSelector","decl":{"start":{"line":64,"column":27},"end":{"line":64,"column":43}},"loc":{"start":{"line":64,"column":27},"end":{"line":64,"column":43}},"line":64}},"f":{"0":0,"1":1,"2":0,"3":0,"4":0,"5":0,"6":0,"7":0}}
,"/home/katyuhalearn/practicum/dev/stellar-burgers/src/services/ingredients/actions.ts": {"path":"/home/katyuhalearn/practicum/dev/stellar-burgers/src/services/ingredients/actions.ts","all":false,"statementMap":{"0":{"start":{"line":1,"column":0},"end":{"line":1,"column":41}},"1":{"start":{"line":2,"column":0},"end":{"line":2,"column":52}},"2":{"start":{"line":3,"column":0},"end":{"line":3,"column":0}},"3":{"start":{"line":4,"column":0},"end":{"line":4,"column":47}},"4":{"start":{"line":5,"column":0},"end":{"line":5,"column":31}},"5":{"start":{"line":6,"column":0},"end":{"line":6,"column":39}},"6":{"start":{"line":7,"column":0},"end":{"line":7,"column":2}}},"s":{"0":1,"1":1,"2":1,"3":1,"4":1,"5":1,"6":1},"branchMap":{},"b":{},"fnMap":{},"f":{}}
,"/home/katyuhalearn/practicum/dev/stellar-burgers/src/services/ingredients/ingredients.mock.ts": {"path":"/home/katyuhalearn/practicum/dev/stellar-burgers/src/services/ingredients/ingredients.mock.ts","all":false,"statementMap":{"0":{"start":{"line":1,"column":0},"end":{"line":1,"column":44}},"1":{"start":{"line":2,"column":0},"end":{"line":2,"column":0}},"2":{"start":{"line":3,"column":0},"end":{"line":3,"column":48}},"3":{"start":{"line":4,"column":0},"end":{"line":4,"column":20}},"4":{"start":{"line":5,"column":0},"end":{"line":5,"column":19}},"5":{"start":{"line":6,"column":0},"end":{"line":6,"column":50}},"6":{"start":{"line":7,"column":0},"end":{"line":7,"column":2}}},"s":{"0":1,"1":1,"2":1,"3":1,"4":1,"5":1,"6":1},"branchMap":{},"b":{},"fnMap":{},"f":{}}
,"/home/katyuhalearn/practicum/dev/stellar-burgers/src/services/ingredients/slice.ts": {"path":"/home/katyuhalearn/practicum/dev/stellar-burgers/src/services/ingredients/slice.ts","all":false,"statementMap":{"0":{"start":{"line":1,"column":0},"end":{"line":1,"column":70}},"1":{"start":{"line":2,"column":0},"end":{"line":2,"column":67}},"2":{"start":{"line":3,"column":0},"end":{"line":3,"column":43}},"3":{"start":{"line":4,"column":0},"end":{"line":4,"column":0}},"4":{"start":{"line":5,"column":0},"end":{"line":5,"column":33}},"5":{"start":{"line":6,"column":0},"end":{"line":6,"column":36}},"6":{"start":{"line":7,"column":0},"end":{"line":7,"column":21}},"7":{"start":{"line":8,"column":0},"end":{"line":8,"column":38}},"8":{"start":{"line":9,"column":0},"end":{"line":9,"column":2}},"9":{"start":{"line":10,"column":0},"end":{"line":10,"column":0}},"10":{"start":{"line":11,"column":0},"end":{"line":11,"column":26}},"11":{"start":{"line":12,"column":0},"end":{"line":12,"column":37}},"12":{"start":{"line":13,"column":0},"end":{"line":13,"column":40}},"13":{"start":{"line":14,"column":0},"end":{"line":14,"column":2}},"14":{"start":{"line":15,"column":0},"end":{"line":15,"column":0}},"15":{"start":{"line":16,"column":0},"end":{"line":16,"column":41}},"16":{"start":{"line":17,"column":0},"end":{"line":17,"column":20}},"17":{"start":{"line":18,"column":0},"end":{"line":18,"column":19}},"18":{"start":{"line":19,"column":0},"end":{"line":19,"column":50}},"19":{"start":{"line":20,"column":0},"end":{"line":20,"column":2}},"20":{"start":{"line":21,"column":0},"end":{"line":21,"column":0}},"21":{"start":{"line":22,"column":0},"end":{"line":22,"column":45}},"22":{"start":{"line":23,"column":0},"end":{"line":23,"column":22}},"23":{"start":{"line":24,"column":0},"end":{"line":24,"column":15}},"24":{"start":{"line":25,"column":0},"end":{"line":25,"column":14}},"25":{"start":{"line":26,"column":0},"end":{"line":26,"column":61}},"26":{"start":{"line":27,"column":0},"end":{"line":27,"column":54}},"27":{"start":{"line":28,"column":0},"end":{"line":28,"column":63}},"28":{"start":{"line":29,"column":0},"end":{"line":29,"column":4}},"29":{"start":{"line":30,"column":0},"end":{"line":30,"column":31}},"30":{"start":{"line":31,"column":0},"end":{"line":31,"column":11}},"31":{"start":{"line":32,"column":0},"end":{"line":32,"column":51}},"32":{"start":{"line":33,"column":0},"end":{"line":33,"column":31}},"33":{"start":{"line":34,"column":0},"end":{"line":34,"column":8}},"34":{"start":{"line":35,"column":0},"end":{"line":35,"column":60}},"35":{"start":{"line":36,"column":0},"end":{"line":36,"column":32}},"36":{"start":{"line":37,"column":0},"end":{"line":37,"column":57}},"37":{"start":{"line":38,"column":0},"end":{"line":38,"column":8}},"38":{"start":{"line":39,"column":0},"end":{"line":39,"column":61}},"39":{"start":{"line":40,"column":0},"end":{"line":40,"column":32}},"40":{"start":{"line":41,"column":0},"end":{"line":41,"column":43}},"41":{"start":{"line":42,"column":0},"end":{"line":42,"column":9}},"42":{"start":{"line":43,"column":0},"end":{"line":43,"column":4}},"43":{"start":{"line":44,"column":0},"end":{"line":44,"column":14}},"44":{"start":{"line":45,"column":0},"end":{"line":45,"column":3}},"45":{"start":{"line":46,"column":0},"end":{"line":46,"column":0}},"46":{"start":{"line":47,"column":0},"end":{"line":47,"column":14}},"47":{"start":{"line":48,"column":0},"end":{"line":48,"column":31}},"48":{"start":{"line":49,"column":0},"end":{"line":49,"column":22}},"49":{"start":{"line":50,"column":0},"end":{"line":50,"column":26}},"50":{"start":{"line":51,"column":0},"end":{"line":51,"column":31}}},"s":{"0":1,"1":1,"2":1,"3":1,"4":1,"5":1,"6":1,"7":1,"8":1,"9":1,"10":1,"11":1,"12":1,"13":1,"14":1,"15":1,"16":1,"17":1,"18":1,"19":1,"20":1,"21":1,"22":1,"23":1,"24":1,"25":1,"26":1,"27":1,"28":1,"29":1,"30":1,"31":1,"32":0,"33":1,"34":1,"35":0,"36":0,"37":1,"38":1,"39":0,"40":0,"41":1,"42":1,"43":1,"44":1,"45":1,"46":1,"47":1,"48":1,"49":1,"50":1},"branchMap":{"0":{"type":"branch","line":30,"loc":{"start":{"line":30,"column":17},"end":{"line":43,"column":3}},"locations":[{"start":{"line":30,"column":17},"end":{"line":43,"column":3}}]}},"b":{"0":[1]},"fnMap":{"0":{"name":"isIngredientsLoadingSelector","decl":{"start":{"line":26,"column":34},"end":{"line":26,"column":50}},"loc":{"start":{"line":26,"column":34},"end":{"line":26,"column":50}},"line":26},"1":{"name":"ingredientsSelector","decl":{"start":{"line":27,"column":25},"end":{"line":27,"column":41}},"loc":{"start":{"line":27,"column":25},"end":{"line":27,"column":41}},"line":27},"2":{"name":"constructorItemsSelector","decl":{"start":{"line":28,"column":30},"end":{"line":28,"column":46}},"loc":{"start":{"line":28,"column":30},"end":{"line":28,"column":46}},"line":28},"3":{"name":"extraReducers","decl":{"start":{"line":30,"column":17},"end":{"line":43,"column":3}},"loc":{"start":{"line":30,"column":17},"end":{"line":43,"column":3}},"line":30}},"f":{"0":0,"1":0,"2":0,"3":1}}
,"/home/katyuhalearn/practicum/dev/stellar-burgers/src/services/order/actions.ts": {"path":"/home/katyuhalearn/practicum/dev/stellar-burgers/src/services/order/actions.ts","all":false,"statementMap":{"0":{"start":{"line":1,"column":0},"end":{"line":1,"column":52}},"1":{"start":{"line":2,"column":0},"end":{"line":2,"column":52}},"2":{"start":{"line":3,"column":0},"end":{"line":3,"column":0}},"3":{"start":{"line":4,"column":0},"end":{"line":4,"column":74}},"4":{"start":{"line":5,"column":0},"end":{"line":5,"column":16}},"5":{"start":{"line":6,"column":0},"end":{"line":6,"column":2}},"6":{"start":{"line":7,"column":0},"end":{"line":7,"column":0}},"7":{"start":{"line":8,"column":0},"end":{"line":8,"column":42}},"8":{"start":{"line":9,"column":0},"end":{"line":9,"column":16}},"9":{"start":{"line":10,"column":0},"end":{"line":10,"column":48}},"10":{"start":{"line":11,"column":0},"end":{"line":11,"column":2}}},"s":{"0":1,"1":1,"2":1,"3":1,"4":0,"5":1,"6":1,"7":1,"8":1,"9":1,"10":1},"branchMap":{},"b":{},"fnMap":{},"f":{}}
,"/home/katyuhalearn/practicum/dev/stellar-burgers/src/services/order/order.mock.ts": {"path":"/home/katyuhalearn/practicum/dev/stellar-burgers/src/services/order/order.mock.ts","all":false,"statementMap":{"0":{"start":{"line":1,"column":0},"end":{"line":1,"column":38}},"1":{"start":{"line":2,"column":0},"end":{"line":2,"column":0}},"2":{"start":{"line":3,"column":0},"end":{"line":3,"column":42}},"3":{"start":{"line":4,"column":0},"end":{"line":4,"column":13}},"4":{"start":{"line":5,"column":0},"end":{"line":5,"column":22}},"5":{"start":{"line":6,"column":0},"end":{"line":6,"column":25}},"6":{"start":{"line":7,"column":0},"end":{"line":7,"column":22}},"7":{"start":{"line":8,"column":0},"end":{"line":8,"column":2}}},"s":{"0":1,"1":1,"2":1,"3":1,"4":1,"5":1,"6":1,"7":1},"branchMap":{},"b":{},"fnMap":{},"f":{}}
,"/home/katyuhalearn/practicum/dev/stellar-burgers/src/services/order/slice.ts": {"path":"/home/katyuhalearn/practicum/dev/stellar-burgers/src/services/order/slice.ts","all":false,"statementMap":{"0":{"start":{"line":1,"column":0},"end":{"line":1,"column":62}},"1":{"start":{"line":2,"column":0},"end":{"line":2,"column":38}},"2":{"start":{"line":3,"column":0},"end":{"line":3,"column":53}},"3":{"start":{"line":4,"column":0},"end":{"line":4,"column":0}},"4":{"start":{"line":5,"column":0},"end":{"line":5,"column":27}},"5":{"start":{"line":6,"column":0},"end":{"line":6,"column":19}},"6":{"start":{"line":7,"column":0},"end":{"line":7,"column":27}},"7":{"start":{"line":8,"column":0},"end":{"line":8,"column":24}},"8":{"start":{"line":9,"column":0},"end":{"line":9,"column":32}},"9":{"start":{"line":10,"column":0},"end":{"line":10,"column":2}},"10":{"start":{"line":11,"column":0},"end":{"line":11,"column":0}},"11":{"start":{"line":12,"column":0},"end":{"line":12,"column":35}},"12":{"start":{"line":13,"column":0},"end":{"line":13,"column":13}},"13":{"start":{"line":14,"column":0},"end":{"line":14,"column":22}},"14":{"start":{"line":15,"column":0},"end":{"line":15,"column":25}},"15":{"start":{"line":16,"column":0},"end":{"line":16,"column":22}},"16":{"start":{"line":17,"column":0},"end":{"line":17,"column":2}},"17":{"start":{"line":18,"column":0},"end":{"line":18,"column":0}},"18":{"start":{"line":19,"column":0},"end":{"line":19,"column":39}},"19":{"start":{"line":20,"column":0},"end":{"line":20,"column":16}},"20":{"start":{"line":21,"column":0},"end":{"line":21,"column":15}},"21":{"start":{"line":22,"column":0},"end":{"line":22,"column":13}},"22":{"start":{"line":23,"column":0},"end":{"line":23,"column":73}},"23":{"start":{"line":24,"column":0},"end":{"line":24,"column":44}},"24":{"start":{"line":25,"column":0},"end":{"line":25,"column":5}},"25":{"start":{"line":26,"column":0},"end":{"line":26,"column":4}},"26":{"start":{"line":27,"column":0},"end":{"line":27,"column":14}},"27":{"start":{"line":28,"column":0},"end":{"line":28,"column":48}},"28":{"start":{"line":29,"column":0},"end":{"line":29,"column":56}},"29":{"start":{"line":30,"column":0},"end":{"line":30,"column":62}},"30":{"start":{"line":31,"column":0},"end":{"line":31,"column":59}},"31":{"start":{"line":32,"column":0},"end":{"line":32,"column":4}},"32":{"start":{"line":33,"column":0},"end":{"line":33,"column":31}},"33":{"start":{"line":34,"column":0},"end":{"line":34,"column":65}},"34":{"start":{"line":35,"column":0},"end":{"line":35,"column":36}},"35":{"start":{"line":36,"column":0},"end":{"line":36,"column":36}},"36":{"start":{"line":37,"column":0},"end":{"line":37,"column":7}},"37":{"start":{"line":38,"column":0},"end":{"line":38,"column":55}},"38":{"start":{"line":39,"column":0},"end":{"line":39,"column":35}},"39":{"start":{"line":40,"column":0},"end":{"line":40,"column":7}},"40":{"start":{"line":41,"column":0},"end":{"line":41,"column":64}},"41":{"start":{"line":42,"column":0},"end":{"line":42,"column":36}},"42":{"start":{"line":43,"column":0},"end":{"line":43,"column":38}},"43":{"start":{"line":44,"column":0},"end":{"line":44,"column":7}},"44":{"start":{"line":45,"column":0},"end":{"line":45,"column":0}},"45":{"start":{"line":46,"column":0},"end":{"line":46,"column":51}},"46":{"start":{"line":47,"column":0},"end":{"line":47,"column":32}},"47":{"start":{"line":48,"column":0},"end":{"line":48,"column":7}},"48":{"start":{"line":49,"column":0},"end":{"line":49,"column":61}},"49":{"start":{"line":50,"column":0},"end":{"line":50,"column":33}},"50":{"start":{"line":51,"column":0},"end":{"line":51,"column":50}},"51":{"start":{"line":52,"column":0},"end":{"line":52,"column":7}},"52":{"start":{"line":53,"column":0},"end":{"line":53,"column":52}},"53":{"start":{"line":54,"column":0},"end":{"line":54,"column":33}},"54":{"start":{"line":55,"column":0},"end":{"line":55,"column":34}},"55":{"start":{"line":56,"column":0},"end":{"line":56,"column":7}},"56":{"start":{"line":57,"column":0},"end":{"line":57,"column":3}},"57":{"start":{"line":58,"column":0},"end":{"line":58,"column":3}},"58":{"start":{"line":59,"column":0},"end":{"line":59,"column":0}},"59":{"start":{"line":60,"column":0},"end":{"line":60,"column":56}},"60":{"start":{"line":61,"column":0},"end":{"line":61,"column":14}},"61":{"start":{"line":62,"column":0},"end":{"line":62,"column":21}},"62":{"start":{"line":63,"column":0},"end":{"line":63,"column":23}},"63":{"start":{"line":64,"column":0},"end":{"line":64,"column":25}},"64":{"start":{"line":65,"column":0},"end":{"line":65,"column":25}},"65":{"start":{"line":66,"column":0},"end":{"line":66,"column":25}}},"s":{"0":1,"1":1,"2":1,"3":1,"4":1,"5":1,"6":1,"7":1,"8":1,"9":1,"10":1,"11":1,"12":1,"13":1,"14":1,"15":1,"16":1,"17":1,"18":1,"19":1,"20":1,"21":1,"22":1,"23":0,"24":0,"25":1,"26":1,"27":1,"28":1,"29":1,"30":1,"31":1,"32":1,"33":1,"34":0,"35":0,"36":1,"37":1,"38":0,"39":1,"40":1,"41":0,"42":0,"43":1,"44":1,"45":1,"46":0,"47":1,"48":1,"49":0,"50":0,"51":1,"52":1,"53":0,"54":0,"55":1,"56":1,"57":1,"58":1,"59":1,"60":1,"61":1,"62":1,"63":1,"64":1,"65":1},"branchMap":{"0":{"type":"branch","line":33,"loc":{"start":{"line":33,"column":17},"end":{"line":57,"column":3}},"locations":[{"start":{"line":33,"column":17},"end":{"line":57,"column":3}}]}},"b":{"0":[1]},"fnMap":{"0":{"name":"setOrderModalData","decl":{"start":{"line":23,"column":23},"end":{"line":25,"column":5}},"loc":{"start":{"line":23,"column":23},"end":{"line":25,"column":5}},"line":23},"1":{"name":"userOrdersSelector","decl":{"start":{"line":28,"column":24},"end":{"line":28,"column":40}},"loc":{"start":{"line":28,"column":24},"end":{"line":28,"column":40}},"line":28},"2":{"name":"orderRequestSelector","decl":{"start":{"line":29,"column":26},"end":{"line":29,"column":42}},"loc":{"start":{"line":29,"column":26},"end":{"line":29,"column":42}},"line":29},"3":{"name":"isOrdersLoadingSelector","decl":{"start":{"line":30,"column":29},"end":{"line":30,"column":45}},"loc":{"start":{"line":30,"column":29},"end":{"line":30,"column":45}},"line":30},"4":{"name":"orderModalDataSelector","decl":{"start":{"line":31,"column":28},"end":{"line":31,"column":44}},"loc":{"start":{"line":31,"column":28},"end":{"line":31,"column":44}},"line":31},"5":{"name":"extraReducers","decl":{"start":{"line":33,"column":17},"end":{"line":57,"column":3}},"loc":{"start":{"line":33,"column":17},"end":{"line":57,"column":3}},"line":33}},"f":{"0":0,"1":0,"2":0,"3":0,"4":0,"5":1}}
,"/home/katyuhalearn/practicum/dev/stellar-burgers/src/services/user/actions.ts": {"path":"/home/katyuhalearn/practicum/dev/stellar-burgers/src/services/user/actions.ts","all":false,"statementMap":{"0":{"start":{"line":1,"column":0},"end":{"line":1,"column":8}},"1":{"start":{"line":2,"column":0},"end":{"line":2,"column":16}},"2":{"start":{"line":3,"column":0},"end":{"line":3,"column":18}},"3":{"start":{"line":4,"column":0},"end":{"line":4,"column":13}},"4":{"start":{"line":5,"column":0},"end":{"line":5,"column":15}},"5":{"start":{"line":6,"column":0},"end":{"line":6,"column":13}},"6":{"start":{"line":7,"column":0},"end":{"line":7,"column":16}},"7":{"start":{"line":8,"column":0},"end":{"line":8,"column":11}},"8":{"start":{"line":9,"column":0},"end":{"line":9,"column":14}},"9":{"start":{"line":10,"column":0},"end":{"line":10,"column":52}},"10":{"start":{"line":11,"column":0},"end":{"line":11,"column":72}},"11":{"start":{"line":12,"column":0},"end":{"line":12,"column":52}},"12":{"start":{"line":13,"column":0},"end":{"line":13,"column":0}},"13":{"start":{"line":14,"column":0},"end":{"line":14,"column":45}},"14":{"start":{"line":15,"column":0},"end":{"line":15,"column":18}},"15":{"start":{"line":16,"column":0},"end":{"line":16,"column":62}},"16":{"start":{"line":17,"column":0},"end":{"line":17,"column":2}},"17":{"start":{"line":18,"column":0},"end":{"line":18,"column":0}},"18":{"start":{"line":19,"column":0},"end":{"line":19,"column":38}},"19":{"start":{"line":20,"column":0},"end":{"line":20,"column":42}},"20":{"start":{"line":21,"column":0},"end":{"line":21,"column":15}},"21":{"start":{"line":22,"column":0},"end":{"line":22,"column":35}},"22":{"start":{"line":23,"column":0},"end":{"line":23,"column":51}},"23":{"start":{"line":24,"column":0},"end":{"line":24,"column":52}},"24":{"start":{"line":25,"column":0},"end":{"line":25,"column":65}},"25":{"start":{"line":26,"column":0},"end":{"line":26,"column":26}},"26":{"start":{"line":27,"column":0},"end":{"line":27,"column":3}},"27":{"start":{"line":28,"column":0},"end":{"line":28,"column":2}},"28":{"start":{"line":29,"column":0},"end":{"line":29,"column":0}},"29":{"start":{"line":30,"column":0},"end":{"line":30,"column":56}},"30":{"start":{"line":31,"column":0},"end":{"line":31,"column":33}},"31":{"start":{"line":32,"column":0},"end":{"line":32,"column":30}},"32":{"start":{"line":33,"column":0},"end":{"line":33,"column":9}},"33":{"start":{"line":34,"column":0},"end":{"line":34,"column":37}},"34":{"start":{"line":35,"column":0},"end":{"line":35,"column":40}},"35":{"start":{"line":36,"column":0},"end":{"line":36,"column":37}},"36":{"start":{"line":37,"column":0},"end":{"line":37,"column":7}},"37":{"start":{"line":38,"column":0},"end":{"line":38,"column":15}},"38":{"start":{"line":39,"column":0},"end":{"line":39,"column":39}},"39":{"start":{"line":40,"column":0},"end":{"line":40,"column":5}},"40":{"start":{"line":41,"column":0},"end":{"line":41,"column":3}},"41":{"start":{"line":42,"column":0},"end":{"line":42,"column":2}},"42":{"start":{"line":43,"column":0},"end":{"line":43,"column":0}},"43":{"start":{"line":44,"column":0},"end":{"line":44,"column":43}},"44":{"start":{"line":45,"column":0},"end":{"line":45,"column":16}},"45":{"start":{"line":46,"column":0},"end":{"line":46,"column":69}},"46":{"start":{"line":47,"column":0},"end":{"line":47,"column":2}},"47":{"start":{"line":48,"column":0},"end":{"line":48,"column":0}},"48":{"start":{"line":49,"column":0},"end":{"line":49,"column":71}},"49":{"start":{"line":50,"column":0},"end":{"line":50,"column":20}},"50":{"start":{"line":51,"column":0},"end":{"line":51,"column":30}},"51":{"start":{"line":52,"column":0},"end":{"line":52,"column":42}},"52":{"start":{"line":53,"column":0},"end":{"line":53,"column":3}}},"s":{"0":1,"1":1,"2":1,"3":1,"4":1,"5":1,"6":1,"7":1,"8":1,"9":1,"10":1,"11":1,"12":1,"13":1,"14":1,"15":1,"16":1,"17":1,"18":1,"19":1,"20":1,"21":1,"22":0,"23":0,"24":0,"25":0,"26":0,"27":1,"28":1,"29":1,"30":1,"31":1,"32":0,"33":0,"34":0,"35":0,"36":0,"37":0,"38":0,"39":0,"40":0,"41":1,"42":1,"43":1,"44":1,"45":1,"46":1,"47":1,"48":1,"49":0,"50":0,"51":0,"52":1},"branchMap":{},"b":{},"fnMap":{},"f":{}}
,"/home/katyuhalearn/practicum/dev/stellar-burgers/src/services/user/slice.ts": {"path":"/home/katyuhalearn/practicum/dev/stellar-burgers/src/services/user/slice.ts","all":false,"statementMap":{"0":{"start":{"line":1,"column":0},"end":{"line":1,"column":62}},"1":{"start":{"line":2,"column":0},"end":{"line":2,"column":45}},"2":{"start":{"line":3,"column":0},"end":{"line":3,"column":76}},"3":{"start":{"line":4,"column":0},"end":{"line":4,"column":0}},"4":{"start":{"line":5,"column":0},"end":{"line":5,"column":26}},"5":{"start":{"line":6,"column":0},"end":{"line":6,"column":25}},"6":{"start":{"line":7,"column":0},"end":{"line":7,"column":21}},"7":{"start":{"line":8,"column":0},"end":{"line":8,"column":2}},"8":{"start":{"line":9,"column":0},"end":{"line":9,"column":0}},"9":{"start":{"line":10,"column":0},"end":{"line":10,"column":34}},"10":{"start":{"line":11,"column":0},"end":{"line":11,"column":23}},"11":{"start":{"line":12,"column":0},"end":{"line":12,"column":12}},"12":{"start":{"line":13,"column":0},"end":{"line":13,"column":2}},"13":{"start":{"line":14,"column":0},"end":{"line":14,"column":0}},"14":{"start":{"line":15,"column":0},"end":{"line":15,"column":38}},"15":{"start":{"line":16,"column":0},"end":{"line":16,"column":15}},"16":{"start":{"line":17,"column":0},"end":{"line":17,"column":15}},"17":{"start":{"line":18,"column":0},"end":{"line":18,"column":13}},"18":{"start":{"line":19,"column":0},"end":{"line":19,"column":66}},"19":{"start":{"line":20,"column":0},"end":{"line":20,"column":43}},"20":{"start":{"line":21,"column":0},"end":{"line":21,"column":6}},"21":{"start":{"line":22,"column":0},"end":{"line":22,"column":55}},"22":{"start":{"line":23,"column":0},"end":{"line":23,"column":34}},"23":{"start":{"line":24,"column":0},"end":{"line":24,"column":5}},"24":{"start":{"line":25,"column":0},"end":{"line":25,"column":4}},"25":{"start":{"line":26,"column":0},"end":{"line":26,"column":14}},"26":{"start":{"line":27,"column":0},"end":{"line":27,"column":58}},"27":{"start":{"line":28,"column":0},"end":{"line":28,"column":39}},"28":{"start":{"line":29,"column":0},"end":{"line":29,"column":4}},"29":{"start":{"line":30,"column":0},"end":{"line":30,"column":31}},"30":{"start":{"line":31,"column":0},"end":{"line":31,"column":64}},"31":{"start":{"line":32,"column":0},"end":{"line":32,"column":33}},"32":{"start":{"line":33,"column":0},"end":{"line":33,"column":39}},"33":{"start":{"line":34,"column":0},"end":{"line":34,"column":7}},"34":{"start":{"line":35,"column":0},"end":{"line":35,"column":61}},"35":{"start":{"line":36,"column":0},"end":{"line":36,"column":33}},"36":{"start":{"line":37,"column":0},"end":{"line":37,"column":34}},"37":{"start":{"line":38,"column":0},"end":{"line":38,"column":7}},"38":{"start":{"line":39,"column":0},"end":{"line":39,"column":60}},"39":{"start":{"line":40,"column":0},"end":{"line":40,"column":33}},"40":{"start":{"line":41,"column":0},"end":{"line":41,"column":55}},"41":{"start":{"line":42,"column":0},"end":{"line":42,"column":7}},"42":{"start":{"line":43,"column":0},"end":{"line":43,"column":62}},"43":{"start":{"line":44,"column":0},"end":{"line":44,"column":39}},"44":{"start":{"line":45,"column":0},"end":{"line":45,"column":7}},"45":{"start":{"line":46,"column":0},"end":{"line":46,"column":54}},"46":{"start":{"line":47,"column":0},"end":{"line":47,"column":24}},"47":{"start":{"line":48,"column":0},"end":{"line":48,"column":7}},"48":{"start":{"line":49,"column":0},"end":{"line":49,"column":3}},"49":{"start":{"line":50,"column":0},"end":{"line":50,"column":3}},"50":{"start":{"line":51,"column":0},"end":{"line":51,"column":0}},"51":{"start":{"line":52,"column":0},"end":{"line":52,"column":63}},"52":{"start":{"line":53,"column":0},"end":{"line":53,"column":75}}},"s":{"0":1,"1":1,"2":1,"3":1,"4":1,"5":1,"6":1,"7":1,"8":1,"9":1,"10":1,"11":1,"12":1,"13":1,"14":1,"15":1,"16":1,"17":1,"18":1,"19":0,"20":1,"21":1,"22":0,"23":0,"24":1,"25":1,"26":1,"27":1,"28":1,"29":1,"30":1,"31":0,"32":0,"33":1,"34":1,"35":0,"36":0,"37":1,"38":1,"39":0,"40":0,"41":1,"42":1,"43":0,"44":1,"45":1,"46":0,"47":1,"48":1,"49":1,"50":1,"51":1,"52":1},"branchMap":{"0":{"type":"branch","line":30,"loc":{"start":{"line":30,"column":17},"end":{"line":49,"column":3}},"locations":[{"start":{"line":30,"column":17},"end":{"line":49,"column":3}}]}},"b":{"0":[1]},"fnMap":{"0":{"name":"setIsAuthChecked","decl":{"start":{"line":19,"column":22},"end":{"line":21,"column":5}},"loc":{"start":{"line":19,"column":22},"end":{"line":21,"column":5}},"line":19},"1":{"name":"setUser","decl":{"start":{"line":22,"column":13},"end":{"line":24,"column":5}},"loc":{"start":{"line":22,"column":13},"end":{"line":24,"column":5}},"line":22},"2":{"name":"isAuthCheckedSelector","decl":{"start":{"line":27,"column":27},"end":{"line":27,"column":43}},"loc":{"start":{"line":27,"column":27},"end":{"line":27,"column":43}},"line":27},"3":{"name":"userSelector","decl":{"start":{"line":28,"column":18},"end":{"line":28,"column":34}},"loc":{"start":{"line":28,"column":18},"end":{"line":28,"column":34}},"line":28},"4":{"name":"extraReducers","decl":{"start":{"line":30,"column":17},"end":{"line":49,"column":3}},"loc":{"start":{"line":30,"column":17},"end":{"line":49,"column":3}},"line":30}},"f":{"0":0,"1":0,"2":0,"3":0,"4":1}}
,"/home/katyuhalearn/practicum/dev/stellar-burgers/src/services/user/user.mock.ts": {"path":"/home/katyuhalearn/practicum/dev/stellar-burgers/src/services/user/user.mock.ts","all":false,"statementMap":{"0":{"start":{"line":1,"column":0},"end":{"line":1,"column":37}},"1":{"start":{"line":2,"column":0},"end":{"line":2,"column":0}},"2":{"start":{"line":3,"column":0},"end":{"line":3,"column":41}},"3":{"start":{"line":4,"column":0},"end":{"line":4,"column":23}},"4":{"start":{"line":5,"column":0},"end":{"line":5,"column":12}},"5":{"start":{"line":6,"column":0},"end":{"line":6,"column":2}}},"s":{"0":1,"1":1,"2":1,"3":1,"4":1,"5":1},"branchMap":{},"b":{},"fnMap":{},"f":{}}
,"/home/katyuhalearn/practicum/dev/stellar-burgers/src/utils/burger-api.ts": {"path":"/home/katyuhalearn/practicum/dev/stellar-burgers/src/utils/burger-api.ts","all":false,"statementMap":{"0":{"start":{"line":1,"column":0},"end":{"line":1,"column":48}},"1":{"start":{"line":2,"column":0},"end":{"line":2,"column":66}},"2":{"start":{"line":3,"column":0},"end":{"line":3,"column":0}},"3":{"start":{"line":4,"column":0},"end":{"line":4,"column":39}},"4":{"start":{"line":5,"column":0},"end":{"line":5,"column":0}},"5":{"start":{"line":6,"column":0},"end":{"line":6,"column":55}},"6":{"start":{"line":7,"column":0},"end":{"line":7,"column":70}},"7":{"start":{"line":8,"column":0},"end":{"line":8,"column":0}},"8":{"start":{"line":9,"column":0},"end":{"line":9,"column":27}},"9":{"start":{"line":10,"column":0},"end":{"line":10,"column":19}},"10":{"start":{"line":11,"column":0},"end":{"line":11,"column":6}},"11":{"start":{"line":12,"column":0},"end":{"line":12,"column":0}},"12":{"start":{"line":13,"column":0},"end":{"line":13,"column":41}},"13":{"start":{"line":14,"column":0},"end":{"line":14,"column":23}},"14":{"start":{"line":15,"column":0},"end":{"line":15,"column":22}},"15":{"start":{"line":16,"column":0},"end":{"line":16,"column":3}},"16":{"start":{"line":17,"column":0},"end":{"line":17,"column":0}},"17":{"start":{"line":18,"column":0},"end":{"line":18,"column":60}},"18":{"start":{"line":19,"column":0},"end":{"line":19,"column":30}},"19":{"start":{"line":20,"column":0},"end":{"line":20,"column":19}},"20":{"start":{"line":21,"column":0},"end":{"line":21,"column":14}},"21":{"start":{"line":22,"column":0},"end":{"line":22,"column":54}},"22":{"start":{"line":23,"column":0},"end":{"line":23,"column":6}},"23":{"start":{"line":24,"column":0},"end":{"line":24,"column":26}},"24":{"start":{"line":25,"column":0},"end":{"line":25,"column":49}},"25":{"start":{"line":26,"column":0},"end":{"line":26,"column":6}},"26":{"start":{"line":27,"column":0},"end":{"line":27,"column":4}},"27":{"start":{"line":28,"column":0},"end":{"line":28,"column":56}},"28":{"start":{"line":29,"column":0},"end":{"line":29,"column":28}},"29":{"start":{"line":30,"column":0},"end":{"line":30,"column":33}},"30":{"start":{"line":31,"column":0},"end":{"line":31,"column":43}},"31":{"start":{"line":32,"column":0},"end":{"line":32,"column":7}},"32":{"start":{"line":33,"column":0},"end":{"line":33,"column":69}},"33":{"start":{"line":34,"column":0},"end":{"line":34,"column":56}},"34":{"start":{"line":35,"column":0},"end":{"line":35,"column":25}},"35":{"start":{"line":36,"column":0},"end":{"line":36,"column":7}},"36":{"start":{"line":37,"column":0},"end":{"line":37,"column":0}},"37":{"start":{"line":38,"column":0},"end":{"line":38,"column":42}},"38":{"start":{"line":39,"column":0},"end":{"line":39,"column":19}},"39":{"start":{"line":40,"column":0},"end":{"line":40,"column":22}},"40":{"start":{"line":41,"column":0},"end":{"line":41,"column":6}},"41":{"start":{"line":42,"column":0},"end":{"line":42,"column":7}},"42":{"start":{"line":43,"column":0},"end":{"line":43,"column":42}},"43":{"start":{"line":44,"column":0},"end":{"line":44,"column":39}},"44":{"start":{"line":45,"column":0},"end":{"line":45,"column":17}},"45":{"start":{"line":46,"column":0},"end":{"line":46,"column":65}},"46":{"start":{"line":47,"column":0},"end":{"line":47,"column":47}},"47":{"start":{"line":48,"column":0},"end":{"line":48,"column":28}},"48":{"start":{"line":49,"column":0},"end":{"line":49,"column":70}},"49":{"start":{"line":50,"column":0},"end":{"line":50,"column":34}},"50":{"start":{"line":51,"column":0},"end":{"line":51,"column":7}},"51":{"start":{"line":52,"column":0},"end":{"line":52,"column":44}},"52":{"start":{"line":53,"column":0},"end":{"line":53,"column":41}},"53":{"start":{"line":54,"column":0},"end":{"line":54,"column":12}},"54":{"start":{"line":55,"column":0},"end":{"line":55,"column":33}},"55":{"start":{"line":56,"column":0},"end":{"line":56,"column":5}},"56":{"start":{"line":57,"column":0},"end":{"line":57,"column":3}},"57":{"start":{"line":58,"column":0},"end":{"line":58,"column":2}},"58":{"start":{"line":59,"column":0},"end":{"line":59,"column":0}},"59":{"start":{"line":60,"column":0},"end":{"line":60,"column":45}},"60":{"start":{"line":61,"column":0},"end":{"line":61,"column":22}},"61":{"start":{"line":62,"column":0},"end":{"line":62,"column":3}},"62":{"start":{"line":63,"column":0},"end":{"line":63,"column":0}},"63":{"start":{"line":64,"column":0},"end":{"line":64,"column":39}},"64":{"start":{"line":65,"column":0},"end":{"line":65,"column":19}},"65":{"start":{"line":66,"column":0},"end":{"line":66,"column":16}},"66":{"start":{"line":67,"column":0},"end":{"line":67,"column":21}},"67":{"start":{"line":68,"column":0},"end":{"line":68,"column":3}},"68":{"start":{"line":69,"column":0},"end":{"line":69,"column":0}},"69":{"start":{"line":70,"column":0},"end":{"line":70,"column":40}},"70":{"start":{"line":71,"column":0},"end":{"line":71,"column":17}},"71":{"start":{"line":72,"column":0},"end":{"line":72,"column":3}},"72":{"start":{"line":73,"column":0},"end":{"line":73,"column":0}},"73":{"start":{"line":74,"column":0},"end":{"line":74,"column":38}},"74":{"start":{"line":75,"column":0},"end":{"line":75,"column":29}},"75":{"start":{"line":76,"column":0},"end":{"line":76,"column":60}},"76":{"start":{"line":77,"column":0},"end":{"line":77,"column":21}},"77":{"start":{"line":78,"column":0},"end":{"line":78,"column":42}},"78":{"start":{"line":79,"column":0},"end":{"line":79,"column":34}},"79":{"start":{"line":80,"column":0},"end":{"line":80,"column":7}},"80":{"start":{"line":81,"column":0},"end":{"line":81,"column":0}},"81":{"start":{"line":82,"column":0},"end":{"line":82,"column":32}},"82":{"start":{"line":83,"column":0},"end":{"line":83,"column":28}},"83":{"start":{"line":84,"column":0},"end":{"line":84,"column":54}},"84":{"start":{"line":85,"column":0},"end":{"line":85,"column":21}},"85":{"start":{"line":86,"column":0},"end":{"line":86,"column":37}},"86":{"start":{"line":87,"column":0},"end":{"line":87,"column":34}},"87":{"start":{"line":88,"column":0},"end":{"line":88,"column":7}},"88":{"start":{"line":89,"column":0},"end":{"line":89,"column":0}},"89":{"start":{"line":90,"column":0},"end":{"line":90,"column":33}},"90":{"start":{"line":91,"column":0},"end":{"line":91,"column":53}},"91":{"start":{"line":92,"column":0},"end":{"line":92,"column":18}},"92":{"start":{"line":93,"column":0},"end":{"line":93,"column":14}},"93":{"start":{"line":94,"column":0},"end":{"line":94,"column":55}},"94":{"start":{"line":95,"column":0},"end":{"line":95,"column":45}},"95":{"start":{"line":96,"column":0},"end":{"line":96,"column":20}},"96":{"start":{"line":97,"column":0},"end":{"line":97,"column":21}},"97":{"start":{"line":98,"column":0},"end":{"line":98,"column":42}},"98":{"start":{"line":99,"column":0},"end":{"line":99,"column":32}},"99":{"start":{"line":100,"column":0},"end":{"line":100,"column":5}},"100":{"start":{"line":101,"column":0},"end":{"line":101,"column":0}},"101":{"start":{"line":102,"column":0},"end":{"line":102,"column":42}},"102":{"start":{"line":103,"column":0},"end":{"line":103,"column":16}},"103":{"start":{"line":104,"column":0},"end":{"line":104,"column":15}},"104":{"start":{"line":105,"column":0},"end":{"line":105,"column":3}},"105":{"start":{"line":106,"column":0},"end":{"line":106,"column":0}},"106":{"start":{"line":107,"column":0},"end":{"line":107,"column":49}},"107":{"start":{"line":108,"column":0},"end":{"line":108,"column":56}},"108":{"start":{"line":109,"column":0},"end":{"line":109,"column":19}},"109":{"start":{"line":110,"column":0},"end":{"line":110,"column":14}},"110":{"start":{"line":111,"column":0},"end":{"line":111,"column":55}},"111":{"start":{"line":112,"column":0},"end":{"line":112,"column":45}},"112":{"start":{"line":113,"column":0},"end":{"line":113,"column":21}},"113":{"start":{"line":114,"column":0},"end":{"line":114,"column":26}},"114":{"start":{"line":115,"column":0},"end":{"line":115,"column":23}},"115":{"start":{"line":116,"column":0},"end":{"line":116,"column":6}},"116":{"start":{"line":117,"column":0},"end":{"line":117,"column":21}},"117":{"start":{"line":118,"column":0},"end":{"line":118,"column":35}},"118":{"start":{"line":119,"column":0},"end":{"line":119,"column":32}},"119":{"start":{"line":120,"column":0},"end":{"line":120,"column":5}},"120":{"start":{"line":121,"column":0},"end":{"line":121,"column":0}},"121":{"start":{"line":122,"column":0},"end":{"line":122,"column":39}},"122":{"start":{"line":123,"column":0},"end":{"line":123,"column":19}},"123":{"start":{"line":124,"column":0},"end":{"line":124,"column":3}},"124":{"start":{"line":125,"column":0},"end":{"line":125,"column":0}},"125":{"start":{"line":126,"column":0},"end":{"line":126,"column":54}},"126":{"start":{"line":127,"column":0},"end":{"line":127,"column":36}},"127":{"start":{"line":128,"column":0},"end":{"line":128,"column":18}},"128":{"start":{"line":129,"column":0},"end":{"line":129,"column":14}},"129":{"start":{"line":130,"column":0},"end":{"line":130,"column":40}},"130":{"start":{"line":131,"column":0},"end":{"line":131,"column":5}},"131":{"start":{"line":132,"column":0},"end":{"line":132,"column":55}},"132":{"start":{"line":133,"column":0},"end":{"line":133,"column":0}},"133":{"start":{"line":134,"column":0},"end":{"line":134,"column":29}},"134":{"start":{"line":135,"column":0},"end":{"line":135,"column":16}},"135":{"start":{"line":136,"column":0},"end":{"line":136,"column":15}},"136":{"start":{"line":137,"column":0},"end":{"line":137,"column":19}},"137":{"start":{"line":138,"column":0},"end":{"line":138,"column":2}},"138":{"start":{"line":139,"column":0},"end":{"line":139,"column":0}},"139":{"start":{"line":140,"column":0},"end":{"line":140,"column":38}},"140":{"start":{"line":141,"column":0},"end":{"line":141,"column":23}},"141":{"start":{"line":142,"column":0},"end":{"line":142,"column":22}},"142":{"start":{"line":143,"column":0},"end":{"line":143,"column":14}},"143":{"start":{"line":144,"column":0},"end":{"line":144,"column":3}},"144":{"start":{"line":145,"column":0},"end":{"line":145,"column":0}},"145":{"start":{"line":146,"column":0},"end":{"line":146,"column":55}},"146":{"start":{"line":147,"column":0},"end":{"line":147,"column":33}},"147":{"start":{"line":148,"column":0},"end":{"line":148,"column":19}},"148":{"start":{"line":149,"column":0},"end":{"line":149,"column":14}},"149":{"start":{"line":150,"column":0},"end":{"line":150,"column":54}},"150":{"start":{"line":151,"column":0},"end":{"line":151,"column":6}},"151":{"start":{"line":152,"column":0},"end":{"line":152,"column":30}},"152":{"start":{"line":153,"column":0},"end":{"line":153,"column":4}},"153":{"start":{"line":154,"column":0},"end":{"line":154,"column":53}},"154":{"start":{"line":155,"column":0},"end":{"line":155,"column":21}},"155":{"start":{"line":156,"column":0},"end":{"line":156,"column":37}},"156":{"start":{"line":157,"column":0},"end":{"line":157,"column":34}},"157":{"start":{"line":158,"column":0},"end":{"line":158,"column":7}},"158":{"start":{"line":159,"column":0},"end":{"line":159,"column":0}},"159":{"start":{"line":160,"column":0},"end":{"line":160,"column":26}},"160":{"start":{"line":161,"column":0},"end":{"line":161,"column":16}},"161":{"start":{"line":162,"column":0},"end":{"line":162,"column":19}},"162":{"start":{"line":163,"column":0},"end":{"line":163,"column":2}},"163":{"start":{"line":164,"column":0},"end":{"line":164,"column":0}},"164":{"start":{"line":165,"column":0},"end":{"line":165,"column":49}},"165":{"start":{"line":166,"column":0},"end":{"line":166,"column":30}},"166":{"start":{"line":167,"column":0},"end":{"line":167,"column":19}},"167":{"start":{"line":168,"column":0},"end":{"line":168,"column":14}},"168":{"start":{"line":169,"column":0},"end":{"line":169,"column":54}},"169":{"start":{"line":170,"column":0},"end":{"line":170,"column":6}},"170":{"start":{"line":171,"column":0},"end":{"line":171,"column":30}},"171":{"start":{"line":172,"column":0},"end":{"line":172,"column":4}},"172":{"start":{"line":173,"column":0},"end":{"line":173,"column":53}},"173":{"start":{"line":174,"column":0},"end":{"line":174,"column":21}},"174":{"start":{"line":175,"column":0},"end":{"line":175,"column":37}},"175":{"start":{"line":176,"column":0},"end":{"line":176,"column":34}},"176":{"start":{"line":177,"column":0},"end":{"line":177,"column":7}},"177":{"start":{"line":178,"column":0},"end":{"line":178,"column":0}},"178":{"start":{"line":179,"column":0},"end":{"line":179,"column":61}},"179":{"start":{"line":180,"column":0},"end":{"line":180,"column":34}},"180":{"start":{"line":181,"column":0},"end":{"line":181,"column":19}},"181":{"start":{"line":182,"column":0},"end":{"line":182,"column":14}},"182":{"start":{"line":183,"column":0},"end":{"line":183,"column":54}},"183":{"start":{"line":184,"column":0},"end":{"line":184,"column":6}},"184":{"start":{"line":185,"column":0},"end":{"line":185,"column":30}},"185":{"start":{"line":186,"column":0},"end":{"line":186,"column":4}},"186":{"start":{"line":187,"column":0},"end":{"line":187,"column":59}},"187":{"start":{"line":188,"column":0},"end":{"line":188,"column":21}},"188":{"start":{"line":189,"column":0},"end":{"line":189,"column":37}},"189":{"start":{"line":190,"column":0},"end":{"line":190,"column":34}},"190":{"start":{"line":191,"column":0},"end":{"line":191,"column":7}},"191":{"start":{"line":192,"column":0},"end":{"line":192,"column":0}},"192":{"start":{"line":193,"column":0},"end":{"line":193,"column":78}},"193":{"start":{"line":194,"column":0},"end":{"line":194,"column":40}},"194":{"start":{"line":195,"column":0},"end":{"line":195,"column":19}},"195":{"start":{"line":196,"column":0},"end":{"line":196,"column":14}},"196":{"start":{"line":197,"column":0},"end":{"line":197,"column":54}},"197":{"start":{"line":198,"column":0},"end":{"line":198,"column":6}},"198":{"start":{"line":199,"column":0},"end":{"line":199,"column":30}},"199":{"start":{"line":200,"column":0},"end":{"line":200,"column":4}},"200":{"start":{"line":201,"column":0},"end":{"line":201,"column":59}},"201":{"start":{"line":202,"column":0},"end":{"line":202,"column":21}},"202":{"start":{"line":203,"column":0},"end":{"line":203,"column":37}},"203":{"start":{"line":204,"column":0},"end":{"line":204,"column":34}},"204":{"start":{"line":205,"column":0},"end":{"line":205,"column":7}},"205":{"start":{"line":206,"column":0},"end":{"line":206,"column":0}},"206":{"start":{"line":207,"column":0},"end":{"line":207,"column":54}},"207":{"start":{"line":208,"column":0},"end":{"line":208,"column":0}},"208":{"start":{"line":209,"column":0},"end":{"line":209,"column":31}},"209":{"start":{"line":210,"column":0},"end":{"line":210,"column":55}},"210":{"start":{"line":211,"column":0},"end":{"line":211,"column":14}},"211":{"start":{"line":212,"column":0},"end":{"line":212,"column":45}},"212":{"start":{"line":213,"column":0},"end":{"line":213,"column":20}},"213":{"start":{"line":214,"column":0},"end":{"line":214,"column":5}},"214":{"start":{"line":215,"column":0},"end":{"line":215,"column":0}},"215":{"start":{"line":216,"column":0},"end":{"line":216,"column":62}},"216":{"start":{"line":217,"column":0},"end":{"line":217,"column":55}},"217":{"start":{"line":218,"column":0},"end":{"line":218,"column":20}},"218":{"start":{"line":219,"column":0},"end":{"line":219,"column":14}},"219":{"start":{"line":220,"column":0},"end":{"line":220,"column":55}},"220":{"start":{"line":221,"column":0},"end":{"line":221,"column":45}},"221":{"start":{"line":222,"column":0},"end":{"line":222,"column":21}},"222":{"start":{"line":223,"column":0},"end":{"line":223,"column":30}},"223":{"start":{"line":224,"column":0},"end":{"line":224,"column":5}},"224":{"start":{"line":225,"column":0},"end":{"line":225,"column":0}},"225":{"start":{"line":226,"column":0},"end":{"line":226,"column":30}},"226":{"start":{"line":227,"column":0},"end":{"line":227,"column":31}},"227":{"start":{"line":228,"column":0},"end":{"line":228,"column":19}},"228":{"start":{"line":229,"column":0},"end":{"line":229,"column":14}},"229":{"start":{"line":230,"column":0},"end":{"line":230,"column":54}},"230":{"start":{"line":231,"column":0},"end":{"line":231,"column":6}},"231":{"start":{"line":232,"column":0},"end":{"line":232,"column":26}},"232":{"start":{"line":233,"column":0},"end":{"line":233,"column":49}},"233":{"start":{"line":234,"column":0},"end":{"line":234,"column":6}},"234":{"start":{"line":235,"column":0},"end":{"line":235,"column":60}}},"s":{"0":1,"1":1,"2":1,"3":1,"4":1,"5":1,"6":0,"7":1,"8":1,"9":1,"10":1,"11":1,"12":1,"13":1,"14":1,"15":1,"16":1,"17":1,"18":0,"19":0,"20":0,"21":0,"22":0,"23":0,"24":0,"25":0,"26":0,"27":0,"28":0,"29":0,"30":0,"31":0,"32":0,"33":0,"34":0,"35":0,"36":1,"37":1,"38":0,"39":0,"40":0,"41":0,"42":0,"43":0,"44":0,"45":0,"46":0,"47":0,"48":0,"49":0,"50":0,"51":0,"52":0,"53":0,"54":0,"55":0,"56":0,"57":0,"58":1,"59":1,"60":1,"61":1,"62":1,"63":1,"64":1,"65":1,"66":1,"67":1,"68":1,"69":1,"70":1,"71":1,"72":1,"73":1,"74":0,"75":0,"76":0,"77":0,"78":0,"79":0,"80":1,"81":1,"82":0,"83":0,"84":0,"85":0,"86":0,"87":0,"88":1,"89":1,"90":0,"91":0,"92":0,"93":0,"94":0,"95":0,"96":0,"97":0,"98":0,"99":0,"100":1,"101":1,"102":1,"103":1,"104":1,"105":1,"106":1,"107":0,"108":0,"109":0,"110":0,"111":0,"112":0,"113":0,"114":0,"115":0,"116":0,"117":0,"118":0,"119":0,"120":1,"121":1,"122":1,"123":1,"124":1,"125":1,"126":0,"127":0,"128":0,"129":0,"130":0,"131":0,"132":1,"133":1,"134":1,"135":1,"136":1,"137":1,"138":1,"139":1,"140":1,"141":1,"142":1,"143":1,"144":1,"145":1,"146":0,"147":0,"148":0,"149":0,"150":0,"151":0,"152":0,"153":0,"154":0,"155":0,"156":0,"157":0,"158":1,"159":1,"160":1,"161":1,"162":1,"163":1,"164":1,"165":0,"166":0,"167":0,"168":0,"169":0,"170":0,"171":0,"172":0,"173":0,"174":0,"175":0,"176":0,"177":1,"178":1,"179":0,"180":0,"181":0,"182":0,"183":0,"184":0,"185":0,"186":0,"187":0,"188":0,"189":0,"190":0,"191":1,"192":1,"193":0,"194":0,"195":0,"196":0,"197":0,"198":0,"199":0,"200":0,"201":0,"202":0,"203":0,"204":0,"205":1,"206":1,"207":1,"208":1,"209":0,"210":0,"211":0,"212":0,"213":0,"214":1,"215":1,"216":0,"217":0,"218":0,"219":0,"220":0,"221":0,"222":0,"223":0,"224":1,"225":1,"226":0,"227":0,"228":0,"229":0,"230":0,"231":0,"232":0,"233":0,"234":0},"branchMap":{},"b":{},"fnMap":{"0":{"name":"checkResponse","decl":{"start":{"line":6,"column":22},"end":{"line":7,"column":70}},"loc":{"start":{"line":6,"column":22},"end":{"line":7,"column":70}},"line":6},"1":{"name":"refreshToken","decl":{"start":{"line":18,"column":28},"end":{"line":36,"column":7}},"loc":{"start":{"line":18,"column":28},"end":{"line":36,"column":7}},"line":18},"2":{"name":"fetchWithRefresh","decl":{"start":{"line":38,"column":32},"end":{"line":58,"column":2}},"loc":{"start":{"line":38,"column":32},"end":{"line":58,"column":2}},"line":38},"3":{"name":"getIngredientsApi","decl":{"start":{"line":74,"column":33},"end":{"line":80,"column":7}},"loc":{"start":{"line":74,"column":33},"end":{"line":80,"column":7}},"line":74},"4":{"name":"getFeedsApi","decl":{"start":{"line":82,"column":27},"end":{"line":88,"column":7}},"loc":{"start":{"line":82,"column":27},"end":{"line":88,"column":7}},"line":82},"5":{"name":"getOrdersApi","decl":{"start":{"line":90,"column":28},"end":{"line":100,"column":5}},"loc":{"start":{"line":90,"column":28},"end":{"line":100,"column":5}},"line":90},"6":{"name":"orderBurgerApi","decl":{"start":{"line":107,"column":30},"end":{"line":120,"column":5}},"loc":{"start":{"line":107,"column":30},"end":{"line":120,"column":5}},"line":107},"7":{"name":"getOrderByNumberApi","decl":{"start":{"line":126,"column":35},"end":{"line":132,"column":55}},"loc":{"start":{"line":126,"column":35},"end":{"line":132,"column":55}},"line":126},"8":{"name":"registerUserApi","decl":{"start":{"line":146,"column":31},"end":{"line":158,"column":7}},"loc":{"start":{"line":146,"column":31},"end":{"line":158,"column":7}},"line":146},"9":{"name":"loginUserApi","decl":{"start":{"line":165,"column":28},"end":{"line":177,"column":7}},"loc":{"start":{"line":165,"column":28},"end":{"line":177,"column":7}},"line":165},"10":{"name":"forgotPasswordApi","decl":{"start":{"line":179,"column":33},"end":{"line":191,"column":7}},"loc":{"start":{"line":179,"column":33},"end":{"line":191,"column":7}},"line":179},"11":{"name":"resetPasswordApi","decl":{"start":{"line":193,"column":32},"end":{"line":205,"column":7}},"loc":{"start":{"line":193,"column":32},"end":{"line":205,"column":7}},"line":193},"12":{"name":"getUserApi","decl":{"start":{"line":209,"column":26},"end":{"line":214,"column":5}},"loc":{"start":{"line":209,"column":26},"end":{"line":214,"column":5}},"line":209},"13":{"name":"updateUserApi","decl":{"start":{"line":216,"column":29},"end":{"line":224,"column":5}},"loc":{"start":{"line":216,"column":29},"end":{"line":224,"column":5}},"line":216},"14":{"name":"logoutApi","decl":{"start":{"line":226,"column":25},"end":{"line":235,"column":60}},"loc":{"start":{"line":226,"column":25},"end":{"line":235,"column":60}},"line":226}},"f":{"0":0,"1":0,"2":0,"3":0,"4":0,"5":0,"6":0,"7":0,"8":0,"9":0,"10":0,"11":0,"12":0,"13":0,"14":0}}
,"/home/katyuhalearn/practicum/dev/stellar-burgers/src/utils/cookie.ts": {"path":"/home/katyuhalearn/practicum/dev/stellar-burgers/src/utils/cookie.ts","all":false,"statementMap":{"0":{"start":{"line":1,"column":0},"end":{"line":1,"column":61}},"1":{"start":{"line":2,"column":0},"end":{"line":2,"column":40}},"2":{"start":{"line":3,"column":0},"end":{"line":3,"column":15}},"3":{"start":{"line":4,"column":0},"end":{"line":4,"column":18}},"4":{"start":{"line":5,"column":0},"end":{"line":5,"column":53}},"5":{"start":{"line":6,"column":0},"end":{"line":6,"column":62}},"6":{"start":{"line":7,"column":0},"end":{"line":7,"column":18}},"7":{"start":{"line":8,"column":0},"end":{"line":8,"column":5}},"8":{"start":{"line":9,"column":0},"end":{"line":9,"column":4}},"9":{"start":{"line":10,"column":0},"end":{"line":10,"column":62}},"10":{"start":{"line":11,"column":0},"end":{"line":11,"column":1}},"11":{"start":{"line":12,"column":0},"end":{"line":12,"column":0}},"12":{"start":{"line":13,"column":0},"end":{"line":13,"column":26}},"13":{"start":{"line":14,"column":0},"end":{"line":14,"column":15}},"14":{"start":{"line":15,"column":0},"end":{"line":15,"column":16}},"15":{"start":{"line":16,"column":0},"end":{"line":16,"column":65}},"16":{"start":{"line":17,"column":0},"end":{"line":17,"column":3}},"17":{"start":{"line":18,"column":0},"end":{"line":18,"column":11}},"18":{"start":{"line":19,"column":0},"end":{"line":19,"column":14}},"19":{"start":{"line":20,"column":0},"end":{"line":20,"column":12}},"20":{"start":{"line":21,"column":0},"end":{"line":21,"column":4}},"21":{"start":{"line":22,"column":0},"end":{"line":22,"column":0}},"22":{"start":{"line":23,"column":0},"end":{"line":23,"column":26}},"23":{"start":{"line":24,"column":0},"end":{"line":24,"column":39}},"24":{"start":{"line":25,"column":0},"end":{"line":25,"column":25}},"25":{"start":{"line":26,"column":0},"end":{"line":26,"column":40}},"26":{"start":{"line":27,"column":0},"end":{"line":27,"column":28}},"27":{"start":{"line":28,"column":0},"end":{"line":28,"column":3}},"28":{"start":{"line":29,"column":0},"end":{"line":29,"column":0}},"29":{"start":{"line":30,"column":0},"end":{"line":30,"column":35}},"30":{"start":{"line":31,"column":0},"end":{"line":31,"column":38}},"31":{"start":{"line":32,"column":0},"end":{"line":32,"column":3}},"32":{"start":{"line":33,"column":0},"end":{"line":33,"column":36}},"33":{"start":{"line":34,"column":0},"end":{"line":34,"column":41}},"34":{"start":{"line":35,"column":0},"end":{"line":35,"column":33}},"35":{"start":{"line":36,"column":0},"end":{"line":36,"column":37}},"36":{"start":{"line":37,"column":0},"end":{"line":37,"column":38}},"37":{"start":{"line":38,"column":0},"end":{"line":38,"column":29}},"38":{"start":{"line":39,"column":0},"end":{"line":39,"column":39}},"39":{"start":{"line":40,"column":0},"end":{"line":40,"column":5}},"40":{"start":{"line":41,"column":0},"end":{"line":41,"column":3}},"41":{"start":{"line":42,"column":0},"end":{"line":42,"column":34}},"42":{"start":{"line":43,"column":0},"end":{"line":43,"column":1}},"43":{"start":{"line":44,"column":0},"end":{"line":44,"column":0}},"44":{"start":{"line":45,"column":0},"end":{"line":45,"column":44}},"45":{"start":{"line":46,"column":0},"end":{"line":46,"column":39}},"46":{"start":{"line":47,"column":0},"end":{"line":47,"column":1}}},"s":{"0":0,"1":0,"2":0,"3":0,"4":0,"5":0,"6":0,"7":0,"8":0,"9":0,"10":0,"11":1,"12":0,"13":0,"14":0,"15":0,"16":0,"17":0,"18":0,"19":0,"20":0,"21":0,"22":0,"23":0,"24":0,"25":0,"26":0,"27":0,"28":0,"29":0,"30":0,"31":0,"32":0,"33":0,"34":0,"35":0,"36":0,"37":0,"38":0,"39":0,"40":0,"41":0,"42":0,"43":1,"44":0,"45":0,"46":0},"branchMap":{},"b":{},"fnMap":{"0":{"name":"getCookie","decl":{"start":{"line":1,"column":0},"end":{"line":11,"column":1}},"loc":{"start":{"line":1,"column":0},"end":{"line":11,"column":1}},"line":1},"1":{"name":"setCookie","decl":{"start":{"line":13,"column":0},"end":{"line":43,"column":1}},"loc":{"start":{"line":13,"column":0},"end":{"line":43,"column":1}},"line":13},"2":{"name":"deleteCookie","decl":{"start":{"line":45,"column":0},"end":{"line":47,"column":1}},"loc":{"start":{"line":45,"column":0},"end":{"line":47,"column":1}},"line":45}},"f":{"0":0,"1":0,"2":0}}
}
